INFO  [alembic.runtime.migration] Context impl PostgresqlImpl.
INFO  [alembic.runtime.migration] Will assume transactional DDL.
INFO  [alembic.runtime.plugins] setting up autogenerate plugin alembic.autogenerate.schemas
INFO  [alembic.runtime.plugins] setting up autogenerate plugin alembic.autogenerate.tables
INFO  [alembic.runtime.plugins] setting up autogenerate plugin alembic.autogenerate.types
INFO  [alembic.runtime.plugins] setting up autogenerate plugin alembic.autogenerate.constraints
INFO  [alembic.runtime.plugins] setting up autogenerate plugin alembic.autogenerate.defaults
INFO  [alembic.runtime.plugins] setting up autogenerate plugin alembic.autogenerate.comments
INFO  [alembic.autogenerate.compare.tables] Detected added table 'employees'
INFO  [alembic.autogenerate.compare.constraints] Detected added index 'ix_employees_email' on '('email',)'
INFO  [alembic.autogenerate.compare.constraints] Detected added index 'ix_employees_id' on '('id',)'
INFO  [alembic.ddl.postgresql] Detected sequence named 'auth_tokens_id_seq' as owned by integer column 'auth_tokens(id)', assuming SERIAL and omitting
INFO  [alembic.ddl.postgresql] Detected sequence named 'permissions_id_seq' as owned by integer column 'permissions(id)', assuming SERIAL and omitting
INFO  [alembic.ddl.postgresql] Detected sequence named 'invoice_payments_id_seq' as owned by integer column 'invoice_payments(id)', assuming SERIAL and omitting
INFO  [alembic.ddl.postgresql] Detected sequence named 'organizations_id_seq' as owned by integer column 'organizations(id)', assuming SERIAL and omitting
INFO  [alembic.ddl.postgresql] Detected sequence named 'quote_items_id_seq' as owned by integer column 'quote_items(id)', assuming SERIAL and omitting
INFO  [alembic.ddl.postgresql] Detected sequence named 'sales_orders_id_seq' as owned by integer column 'sales_orders(id)', assuming SERIAL and omitting
INFO  [alembic.ddl.postgresql] Detected sequence named 'customers_id_seq' as owned by integer column 'customers(id)', assuming SERIAL and omitting
INFO  [alembic.ddl.postgresql] Detected sequence named 'order_attachments_id_seq' as owned by integer column 'order_attachments(id)', assuming SERIAL and omitting
INFO  [alembic.ddl.postgresql] Detected sequence named 'quotes_id_seq' as owned by integer column 'quotes(id)', assuming SERIAL and omitting
INFO  [alembic.ddl.postgresql] Detected sequence named 'taxes_id_seq' as owned by integer column 'taxes(id)', assuming SERIAL and omitting
INFO  [alembic.ddl.postgresql] Detected sequence named 'product_images_id_seq' as owned by integer column 'product_images(id)', assuming SERIAL and omitting
INFO  [alembic.ddl.postgresql] Detected sequence named 'stock_adjustments_id_seq' as owned by integer column 'stock_adjustments(id)', assuming SERIAL and omitting
INFO  [alembic.ddl.postgresql] Detected sequence named 'invoices_id_seq' as owned by integer column 'invoices(id)', assuming SERIAL and omitting
INFO  [alembic.ddl.postgresql] Detected sequence named 'suppliers_id_seq' as owned by integer column 'suppliers(id)', assuming SERIAL and omitting
INFO  [alembic.ddl.postgresql] Detected sequence named 'shipping_methods_id_seq' as owned by integer column 'shipping_methods(id)', assuming SERIAL and omitting
INFO  [alembic.ddl.postgresql] Detected sequence named 'activities_id_seq' as owned by integer column 'activities(id)', assuming SERIAL and omitting
INFO  [alembic.ddl.postgresql] Detected sequence named 'inventory_id_seq' as owned by integer column 'inventory(id)', assuming SERIAL and omitting
INFO  [alembic.ddl.postgresql] Detected sequence named 'departments_id_seq' as owned by integer column 'departments(id)', assuming SERIAL and omitting
INFO  [alembic.ddl.postgresql] Detected sequence named 'product_tags_id_seq' as owned by integer column 'product_tags(id)', assuming SERIAL and omitting
INFO  [alembic.ddl.postgresql] Detected sequence named 'products_id_seq' as owned by integer column 'products(id)', assuming SERIAL and omitting
INFO  [alembic.ddl.postgresql] Detected sequence named 'warehouses_id_seq' as owned by integer column 'warehouses(id)', assuming SERIAL and omitting
INFO  [alembic.ddl.postgresql] Detected sequence named 'companies_id_seq' as owned by integer column 'companies(id)', assuming SERIAL and omitting
INFO  [alembic.ddl.postgresql] Detected sequence named 'invoice_items_id_seq' as owned by integer column 'invoice_items(id)', assuming SERIAL and omitting
INFO  [alembic.ddl.postgresql] Detected sequence named 'discounts_id_seq' as owned by integer column 'discounts(id)', assuming SERIAL and omitting
INFO  [alembic.ddl.postgresql] Detected sequence named 'order_notes_id_seq' as owned by integer column 'order_notes(id)', assuming SERIAL and omitting
INFO  [alembic.ddl.postgresql] Detected sequence named 'leads_id_seq' as owned by integer column 'leads(id)', assuming SERIAL and omitting
INFO  [alembic.ddl.postgresql] Detected sequence named 'order_history_id_seq' as owned by integer column 'order_history(id)', assuming SERIAL and omitting
INFO  [alembic.ddl.postgresql] Detected sequence named 'payments_id_seq' as owned by integer column 'payments(id)', assuming SERIAL and omitting
INFO  [alembic.ddl.postgresql] Detected sequence named 'quote_approvals_id_seq' as owned by integer column 'quote_approvals(id)', assuming SERIAL and omitting
INFO  [alembic.ddl.postgresql] Detected sequence named 'product_variants_id_seq' as owned by integer column 'product_variants(id)', assuming SERIAL and omitting
INFO  [alembic.ddl.postgresql] Detected sequence named 'users_id_seq' as owned by integer column 'users(id)', assuming SERIAL and omitting
INFO  [alembic.ddl.postgresql] Detected sequence named 'quote_versions_id_seq' as owned by integer column 'quote_versions(id)', assuming SERIAL and omitting
INFO  [alembic.ddl.postgresql] Detected sequence named 'roles_id_seq' as owned by integer column 'roles(id)', assuming SERIAL and omitting
INFO  [alembic.ddl.postgresql] Detected sequence named 'brands_id_seq' as owned by integer column 'brands(id)', assuming SERIAL and omitting
INFO  [alembic.ddl.postgresql] Detected sequence named 'order_items_id_seq' as owned by integer column 'order_items(id)', assuming SERIAL and omitting
INFO  [alembic.ddl.postgresql] Detected sequence named 'stock_transfers_id_seq' as owned by integer column 'stock_transfers(id)', assuming SERIAL and omitting
INFO  [alembic.ddl.postgresql] Detected sequence named 'order_timeline_id_seq' as owned by integer column 'order_timeline(id)', assuming SERIAL and omitting
INFO  [alembic.ddl.postgresql] Detected sequence named 'units_id_seq' as owned by integer column 'units(id)', assuming SERIAL and omitting
INFO  [alembic.ddl.postgresql] Detected sequence named 'attribute_values_id_seq' as owned by integer column 'attribute_values(id)', assuming SERIAL and omitting
INFO  [alembic.ddl.postgresql] Detected sequence named 'categories_id_seq' as owned by integer column 'categories(id)', assuming SERIAL and omitting
INFO  [alembic.ddl.postgresql] Detected sequence named 'crm_tasks_id_seq' as owned by integer column 'crm_tasks(id)', assuming SERIAL and omitting
INFO  [alembic.ddl.postgresql] Detected sequence named 'contacts_id_seq' as owned by integer column 'contacts(id)', assuming SERIAL and omitting
INFO  [alembic.ddl.postgresql] Detected sequence named 'stock_movements_id_seq' as owned by integer column 'stock_movements(id)', assuming SERIAL and omitting
INFO  [alembic.ddl.postgresql] Detected sequence named 'shipments_id_seq' as owned by integer column 'shipments(id)', assuming SERIAL and omitting
INFO  [alembic.ddl.postgresql] Detected sequence named 'opportunities_id_seq' as owned by integer column 'opportunities(id)', assuming SERIAL and omitting
INFO  [alembic.ddl.postgresql] Detected sequence named 'product_attributes_id_seq' as owned by integer column 'product_attributes(id)', assuming SERIAL and omitting
INFO  [alembic.autogenerate.compare.constraints] Detected removed index 'ix_activities_activity_at' on 'activities'
INFO  [alembic.autogenerate.compare.constraints] Detected removed index 'ix_activities_deleted_at' on 'activities'
INFO  [alembic.autogenerate.compare.constraints] Detected removed unique constraint 'uq_activities_uuid' on 'activities'
INFO  [alembic.autogenerate.compare.constraints] Detected added index 'ix_activities_activity_type' on '('activity_type',)'
INFO  [alembic.autogenerate.compare.constraints] Detected added index 'ix_activities_contact_id' on '('contact_id',)'
INFO  [alembic.autogenerate.compare.constraints] Detected added index 'ix_activities_id' on '('id',)'
INFO  [alembic.autogenerate.compare.constraints] Detected added index 'ix_activities_opportunity_id' on '('opportunity_id',)'
INFO  [alembic.autogenerate.compare.constraints] Detected added index 'ix_activities_organization_id' on '('organization_id',)'
INFO  [alembic.autogenerate.compare.constraints] Detected added index 'ix_activities_owner' on '('owner',)'
INFO  [alembic.autogenerate.compare.constraints] Detected added index 'ix_activities_uuid' on '('uuid',)'
INFO  [alembic.autogenerate.compare.constraints] Detected removed index 'ix_attribute_values_created_at' on 'attribute_values'
INFO  [alembic.autogenerate.compare.constraints] Detected removed index 'ix_attribute_values_deleted_at' on 'attribute_values'
INFO  [alembic.autogenerate.compare.constraints] Detected removed unique constraint 'uq_attribute_values_uuid' on 'attribute_values'
INFO  [alembic.autogenerate.compare.constraints] Detected removed index 'ix_brands_created_at' on 'brands'
INFO  [alembic.autogenerate.compare.constraints] Detected removed index 'ix_brands_deleted_at' on 'brands'
INFO  [alembic.autogenerate.compare.constraints] Detected removed unique constraint 'uq_brands_name' on 'brands'
INFO  [alembic.autogenerate.compare.constraints] Detected removed unique constraint 'uq_brands_uuid' on 'brands'
INFO  [alembic.autogenerate.compare.constraints] Detected removed index 'ix_categories_created_at' on 'categories'
INFO  [alembic.autogenerate.compare.constraints] Detected removed index 'ix_categories_deleted_at' on 'categories'
INFO  [alembic.autogenerate.compare.constraints] Detected removed unique constraint 'uq_categories_slug' on 'categories'
INFO  [alembic.autogenerate.compare.constraints] Detected removed unique constraint 'uq_categories_uuid' on 'categories'
INFO  [alembic.autogenerate.compare.tables] Detected added column 'companies.name'
INFO  [alembic.autogenerate.compare.constraints] Detected removed foreign key (owner_id)(id) on table companies
INFO  [alembic.autogenerate.compare.tables] Detected removed column 'companies.language'
INFO  [alembic.autogenerate.compare.tables] Detected removed column 'companies.logo'
INFO  [alembic.autogenerate.compare.tables] Detected removed column 'companies.currency'
INFO  [alembic.autogenerate.compare.tables] Detected removed column 'companies.business_type'
INFO  [alembic.autogenerate.compare.tables] Detected removed column 'companies.timezone'
INFO  [alembic.autogenerate.compare.tables] Detected removed column 'companies.company_name'
INFO  [alembic.autogenerate.compare.tables] Detected removed column 'companies.city'
INFO  [alembic.autogenerate.compare.tables] Detected removed column 'companies.address'
INFO  [alembic.autogenerate.compare.tables] Detected removed column 'companies.owner_id'
INFO  [alembic.autogenerate.compare.tables] Detected removed column 'companies.country'
INFO  [alembic.autogenerate.compare.tables] Detected removed column 'companies.legal_name'
INFO  [alembic.autogenerate.compare.tables] Detected removed column 'companies.tax_number'
INFO  [alembic.autogenerate.compare.tables] Detected removed column 'companies.industry'
INFO  [alembic.autogenerate.compare.tables] Detected removed column 'companies.registration_number'
INFO  [alembic.autogenerate.compare.tables] Detected removed column 'companies.updated_at'
INFO  [alembic.autogenerate.compare.constraints] Detected removed index 'ix_contacts_deleted_at' on 'contacts'
INFO  [alembic.autogenerate.compare.constraints] Detected removed unique constraint 'uq_contacts_uuid' on 'contacts'
INFO  [alembic.autogenerate.compare.constraints] Detected added index 'ix_contacts_first_name' on '('first_name',)'
INFO  [alembic.autogenerate.compare.constraints] Detected added index 'ix_contacts_id' on '('id',)'
INFO  [alembic.autogenerate.compare.constraints] Detected added index 'ix_contacts_last_name' on '('last_name',)'
INFO  [alembic.autogenerate.compare.constraints] Detected added index 'ix_contacts_uuid' on '('uuid',)'
INFO  [alembic.autogenerate.compare.constraints] Detected removed index 'ix_crm_tasks_deleted_at' on 'crm_tasks'
INFO  [alembic.autogenerate.compare.constraints] Detected removed unique constraint 'uq_crm_tasks_uuid' on 'crm_tasks'
INFO  [alembic.autogenerate.compare.constraints] Detected added index 'ix_crm_tasks_contact_id' on '('contact_id',)'
INFO  [alembic.autogenerate.compare.constraints] Detected added index 'ix_crm_tasks_id' on '('id',)'
INFO  [alembic.autogenerate.compare.constraints] Detected added index 'ix_crm_tasks_lead_id' on '('lead_id',)'
INFO  [alembic.autogenerate.compare.constraints] Detected added index 'ix_crm_tasks_opportunity_id' on '('opportunity_id',)'
INFO  [alembic.autogenerate.compare.constraints] Detected added index 'ix_crm_tasks_organization_id' on '('organization_id',)'
INFO  [alembic.autogenerate.compare.constraints] Detected added index 'ix_crm_tasks_priority' on '('priority',)'
INFO  [alembic.autogenerate.compare.constraints] Detected added index 'ix_crm_tasks_title' on '('title',)'
INFO  [alembic.autogenerate.compare.constraints] Detected added index 'ix_crm_tasks_uuid' on '('uuid',)'
INFO  [alembic.autogenerate.compare.constraints] Detected removed index 'ix_customers_deleted_at' on 'customers'
INFO  [alembic.autogenerate.compare.constraints] Detected removed unique constraint 'uq_customers_customer_code' on 'customers'
INFO  [alembic.autogenerate.compare.constraints] Detected removed unique constraint 'uq_customers_uuid' on 'customers'
INFO  [alembic.autogenerate.compare.constraints] Detected added index 'ix_customers_assigned_to' on '('assigned_to',)'
INFO  [alembic.autogenerate.compare.constraints] Detected added index 'ix_customers_customer_code' on '('customer_code',)'
INFO  [alembic.autogenerate.compare.constraints] Detected added index 'ix_customers_first_name' on '('first_name',)'
INFO  [alembic.autogenerate.compare.constraints] Detected added index 'ix_customers_id' on '('id',)'
INFO  [alembic.autogenerate.compare.constraints] Detected added index 'ix_customers_last_name' on '('last_name',)'
INFO  [alembic.autogenerate.compare.constraints] Detected added index 'ix_customers_mobile' on '('mobile',)'
INFO  [alembic.autogenerate.compare.constraints] Detected added index 'ix_customers_uuid' on '('uuid',)'
INFO  [alembic.autogenerate.compare.tables] Detected added column 'departments.created_at'
INFO  [alembic.autogenerate.compare.constraints] Detected NOT NULL on column 'departments.name'
INFO  [alembic.autogenerate.compare.constraints] Detected added index 'ix_departments_id' on '('id',)'
INFO  [alembic.autogenerate.compare.tables] Detected removed column 'departments.description'
INFO  [alembic.autogenerate.compare.constraints] Detected removed index 'ix_discounts_created_at' on 'discounts'
INFO  [alembic.autogenerate.compare.constraints] Detected removed index 'ix_discounts_deleted_at' on 'discounts'
INFO  [alembic.autogenerate.compare.constraints] Detected removed unique constraint 'uq_discounts_code' on 'discounts'
INFO  [alembic.autogenerate.compare.constraints] Detected removed unique constraint 'uq_discounts_uuid' on 'discounts'
INFO  [alembic.autogenerate.compare.constraints] Detected added index 'ix_discounts_ends_at' on '('ends_at',)'
INFO  [alembic.autogenerate.compare.constraints] Detected added index 'ix_discounts_starts_at' on '('starts_at',)'
INFO  [alembic.autogenerate.compare.constraints] Detected removed index 'ix_inventory_created_at' on 'inventory'
INFO  [alembic.autogenerate.compare.constraints] Detected removed index 'ix_inventory_deleted_at' on 'inventory'
INFO  [alembic.autogenerate.compare.constraints] Detected removed unique constraint 'uq_inventory_uuid' on 'inventory'
INFO  [alembic.autogenerate.compare.constraints] Detected removed index 'ix_invoice_items_created_at' on 'invoice_items'
INFO  [alembic.autogenerate.compare.constraints] Detected removed index 'ix_invoice_items_deleted_at' on 'invoice_items'
INFO  [alembic.autogenerate.compare.constraints] Detected removed unique constraint 'uq_invoice_items_uuid' on 'invoice_items'
INFO  [alembic.autogenerate.compare.constraints] Detected removed index 'ix_invoice_payments_created_at' on 'invoice_payments'
INFO  [alembic.autogenerate.compare.constraints] Detected removed index 'ix_invoice_payments_deleted_at' on 'invoice_payments'
INFO  [alembic.autogenerate.compare.constraints] Detected removed unique constraint 'uq_invoice_payments_uuid' on 'invoice_payments'
INFO  [alembic.autogenerate.compare.constraints] Detected removed index 'ix_invoices_created_at' on 'invoices'
INFO  [alembic.autogenerate.compare.constraints] Detected removed index 'ix_invoices_deleted_at' on 'invoices'
INFO  [alembic.autogenerate.compare.constraints] Detected removed unique constraint 'uq_invoices_invoice_number' on 'invoices'
INFO  [alembic.autogenerate.compare.constraints] Detected removed unique constraint 'uq_invoices_uuid' on 'invoices'
INFO  [alembic.autogenerate.compare.constraints] Detected removed index 'ix_leads_deleted_at' on 'leads'
INFO  [alembic.autogenerate.compare.constraints] Detected removed unique constraint 'uq_leads_lead_number' on 'leads'
INFO  [alembic.autogenerate.compare.constraints] Detected removed unique constraint 'uq_leads_uuid' on 'leads'
INFO  [alembic.autogenerate.compare.constraints] Detected added index 'ix_leads_assigned_to' on '('assigned_to',)'
INFO  [alembic.autogenerate.compare.constraints] Detected added index 'ix_leads_id' on '('id',)'
INFO  [alembic.autogenerate.compare.constraints] Detected added index 'ix_leads_lead_number' on '('lead_number',)'
INFO  [alembic.autogenerate.compare.constraints] Detected added index 'ix_leads_priority' on '('priority',)'
INFO  [alembic.autogenerate.compare.constraints] Detected added index 'ix_leads_uuid' on '('uuid',)'
INFO  [alembic.autogenerate.compare.constraints] Detected removed index 'ix_opportunities_deleted_at' on 'opportunities'
INFO  [alembic.autogenerate.compare.constraints] Detected removed unique constraint 'uq_opportunities_uuid' on 'opportunities'
INFO  [alembic.autogenerate.compare.constraints] Detected added index 'ix_opportunities_id' on '('id',)'
INFO  [alembic.autogenerate.compare.constraints] Detected added index 'ix_opportunities_owner' on '('owner',)'
INFO  [alembic.autogenerate.compare.constraints] Detected added index 'ix_opportunities_pipeline' on '('pipeline',)'
INFO  [alembic.autogenerate.compare.constraints] Detected added index 'ix_opportunities_title' on '('title',)'
INFO  [alembic.autogenerate.compare.constraints] Detected added index 'ix_opportunities_uuid' on '('uuid',)'
INFO  [alembic.autogenerate.compare.constraints] Detected removed index 'ix_order_attachments_created_at' on 'order_attachments'
INFO  [alembic.autogenerate.compare.constraints] Detected removed index 'ix_order_attachments_deleted_at' on 'order_attachments'
INFO  [alembic.autogenerate.compare.constraints] Detected removed unique constraint 'uq_order_attachments_uuid' on 'order_attachments'
INFO  [alembic.autogenerate.compare.constraints] Detected removed index 'ix_order_history_created_at' on 'order_history'
INFO  [alembic.autogenerate.compare.constraints] Detected removed index 'ix_order_history_deleted_at' on 'order_history'
INFO  [alembic.autogenerate.compare.constraints] Detected removed unique constraint 'uq_order_history_uuid' on 'order_history'
INFO  [alembic.autogenerate.compare.constraints] Detected removed index 'ix_order_items_created_at' on 'order_items'
INFO  [alembic.autogenerate.compare.constraints] Detected removed index 'ix_order_items_deleted_at' on 'order_items'
INFO  [alembic.autogenerate.compare.constraints] Detected removed unique constraint 'uq_order_items_uuid' on 'order_items'
INFO  [alembic.autogenerate.compare.constraints] Detected removed index 'ix_order_notes_created_at' on 'order_notes'
INFO  [alembic.autogenerate.compare.constraints] Detected removed index 'ix_order_notes_deleted_at' on 'order_notes'
INFO  [alembic.autogenerate.compare.constraints] Detected removed unique constraint 'uq_order_notes_uuid' on 'order_notes'
INFO  [alembic.autogenerate.compare.constraints] Detected removed index 'ix_order_timeline_created_at' on 'order_timeline'
INFO  [alembic.autogenerate.compare.constraints] Detected removed index 'ix_order_timeline_deleted_at' on 'order_timeline'
INFO  [alembic.autogenerate.compare.constraints] Detected removed unique constraint 'uq_order_timeline_uuid' on 'order_timeline'
INFO  [alembic.autogenerate.compare.types] Detected type change from VARCHAR(length=255) to String(length=150) on 'organizations.name'
INFO  [alembic.autogenerate.compare.constraints] Detected removed index 'ix_organizations_slug' on 'organizations'
INFO  [alembic.autogenerate.compare.constraints] Detected removed foreign key (owner_id)(id) on table organizations
INFO  [alembic.autogenerate.compare.tables] Detected removed column 'organizations.website'
INFO  [alembic.autogenerate.compare.tables] Detected removed column 'organizations.language'
INFO  [alembic.autogenerate.compare.tables] Detected removed column 'organizations.logo'
INFO  [alembic.autogenerate.compare.tables] Detected removed column 'organizations.slug'
INFO  [alembic.autogenerate.compare.tables] Detected removed column 'organizations.timezone'
INFO  [alembic.autogenerate.compare.tables] Detected removed column 'organizations.city'
INFO  [alembic.autogenerate.compare.tables] Detected removed column 'organizations.email'
INFO  [alembic.autogenerate.compare.tables] Detected removed column 'organizations.description'
INFO  [alembic.autogenerate.compare.tables] Detected removed column 'organizations.phone'
INFO  [alembic.autogenerate.compare.tables] Detected removed column 'organizations.owner_id'
INFO  [alembic.autogenerate.compare.tables] Detected removed column 'organizations.country'
INFO  [alembic.autogenerate.compare.tables] Detected removed column 'organizations.updated_at'
INFO  [alembic.autogenerate.compare.constraints] Detected removed index 'ix_payments_created_at' on 'payments'
INFO  [alembic.autogenerate.compare.constraints] Detected removed index 'ix_payments_deleted_at' on 'payments'
INFO  [alembic.autogenerate.compare.constraints] Detected removed unique constraint 'uq_payments_payment_number' on 'payments'
INFO  [alembic.autogenerate.compare.constraints] Detected removed unique constraint 'uq_payments_uuid' on 'payments'
INFO  [alembic.autogenerate.compare.constraints] Detected added index 'ix_permissions_id' on '('id',)'
INFO  [alembic.autogenerate.compare.constraints] Detected removed index 'ix_product_attributes_created_at' on 'product_attributes'
INFO  [alembic.autogenerate.compare.constraints] Detected removed index 'ix_product_attributes_deleted_at' on 'product_attributes'
INFO  [alembic.autogenerate.compare.constraints] Detected removed unique constraint 'uq_product_attributes_uuid' on 'product_attributes'
INFO  [alembic.autogenerate.compare.constraints] Detected removed index 'ix_product_images_created_at' on 'product_images'
INFO  [alembic.autogenerate.compare.constraints] Detected removed index 'ix_product_images_deleted_at' on 'product_images'
INFO  [alembic.autogenerate.compare.constraints] Detected removed unique constraint 'uq_product_images_uuid' on 'product_images'
INFO  [alembic.autogenerate.compare.constraints] Detected removed index 'ix_product_tags_created_at' on 'product_tags'
INFO  [alembic.autogenerate.compare.constraints] Detected removed index 'ix_product_tags_deleted_at' on 'product_tags'
INFO  [alembic.autogenerate.compare.constraints] Detected removed unique constraint 'uq_product_tags_name' on 'product_tags'
INFO  [alembic.autogenerate.compare.constraints] Detected removed unique constraint 'uq_product_tags_slug' on 'product_tags'
INFO  [alembic.autogenerate.compare.constraints] Detected removed unique constraint 'uq_product_tags_uuid' on 'product_tags'
INFO  [alembic.autogenerate.compare.constraints] Detected removed index 'ix_product_variants_created_at' on 'product_variants'
INFO  [alembic.autogenerate.compare.constraints] Detected removed index 'ix_product_variants_deleted_at' on 'product_variants'
INFO  [alembic.autogenerate.compare.constraints] Detected removed unique constraint 'uq_product_variants_barcode' on 'product_variants'
INFO  [alembic.autogenerate.compare.constraints] Detected removed unique constraint 'uq_product_variants_sku' on 'product_variants'
INFO  [alembic.autogenerate.compare.constraints] Detected removed unique constraint 'uq_product_variants_uuid' on 'product_variants'
INFO  [alembic.autogenerate.compare.constraints] Detected removed index 'ix_products_created_at' on 'products'
INFO  [alembic.autogenerate.compare.constraints] Detected removed index 'ix_products_deleted_at' on 'products'
INFO  [alembic.autogenerate.compare.constraints] Detected removed unique constraint 'uq_products_barcode' on 'products'
INFO  [alembic.autogenerate.compare.constraints] Detected removed unique constraint 'uq_products_sku' on 'products'
INFO  [alembic.autogenerate.compare.constraints] Detected removed unique constraint 'uq_products_slug' on 'products'
INFO  [alembic.autogenerate.compare.constraints] Detected removed unique constraint 'uq_products_uuid' on 'products'
INFO  [alembic.autogenerate.compare.constraints] Detected removed index 'ix_quote_approvals_created_at' on 'quote_approvals'
INFO  [alembic.autogenerate.compare.constraints] Detected removed index 'ix_quote_approvals_deleted_at' on 'quote_approvals'
INFO  [alembic.autogenerate.compare.constraints] Detected removed unique constraint 'uq_quote_approvals_uuid' on 'quote_approvals'
INFO  [alembic.autogenerate.compare.constraints] Detected removed index 'ix_quote_items_created_at' on 'quote_items'
INFO  [alembic.autogenerate.compare.constraints] Detected removed index 'ix_quote_items_deleted_at' on 'quote_items'
INFO  [alembic.autogenerate.compare.constraints] Detected removed unique constraint 'uq_quote_items_uuid' on 'quote_items'
INFO  [alembic.autogenerate.compare.constraints] Detected removed index 'ix_quote_versions_created_at' on 'quote_versions'
INFO  [alembic.autogenerate.compare.constraints] Detected removed index 'ix_quote_versions_deleted_at' on 'quote_versions'
INFO  [alembic.autogenerate.compare.constraints] Detected removed unique constraint 'uq_quote_versions_uuid' on 'quote_versions'
INFO  [alembic.autogenerate.compare.constraints] Detected removed index 'ix_quotes_created_at' on 'quotes'
INFO  [alembic.autogenerate.compare.constraints] Detected removed index 'ix_quotes_deleted_at' on 'quotes'
INFO  [alembic.autogenerate.compare.constraints] Detected removed unique constraint 'uq_quotes_quote_number' on 'quotes'
INFO  [alembic.autogenerate.compare.constraints] Detected removed unique constraint 'uq_quotes_uuid' on 'quotes'
INFO  [alembic.autogenerate.compare.constraints] Detected added index 'ix_roles_id' on '('id',)'
INFO  [alembic.autogenerate.compare.constraints] Detected removed index 'ix_sales_orders_created_at' on 'sales_orders'
INFO  [alembic.autogenerate.compare.constraints] Detected removed index 'ix_sales_orders_deleted_at' on 'sales_orders'
INFO  [alembic.autogenerate.compare.constraints] Detected removed unique constraint 'uq_sales_orders_order_number' on 'sales_orders'
INFO  [alembic.autogenerate.compare.constraints] Detected removed unique constraint 'uq_sales_orders_uuid' on 'sales_orders'
INFO  [alembic.autogenerate.compare.constraints] Detected removed index 'ix_shipments_created_at' on 'shipments'
INFO  [alembic.autogenerate.compare.constraints] Detected removed index 'ix_shipments_deleted_at' on 'shipments'
INFO  [alembic.autogenerate.compare.constraints] Detected removed unique constraint 'uq_shipments_shipment_number' on 'shipments'
INFO  [alembic.autogenerate.compare.constraints] Detected removed unique constraint 'uq_shipments_tracking_number' on 'shipments'
INFO  [alembic.autogenerate.compare.constraints] Detected removed unique constraint 'uq_shipments_uuid' on 'shipments'
INFO  [alembic.autogenerate.compare.constraints] Detected removed index 'ix_shipping_methods_created_at' on 'shipping_methods'
INFO  [alembic.autogenerate.compare.constraints] Detected removed index 'ix_shipping_methods_deleted_at' on 'shipping_methods'
INFO  [alembic.autogenerate.compare.constraints] Detected removed unique constraint 'uq_shipping_methods_uuid' on 'shipping_methods'
INFO  [alembic.autogenerate.compare.constraints] Detected removed index 'ix_stock_adjustments_created_at' on 'stock_adjustments'
INFO  [alembic.autogenerate.compare.constraints] Detected removed index 'ix_stock_adjustments_deleted_at' on 'stock_adjustments'
INFO  [alembic.autogenerate.compare.constraints] Detected removed unique constraint 'uq_stock_adjustments_uuid' on 'stock_adjustments'
INFO  [alembic.autogenerate.compare.constraints] Detected removed index 'ix_stock_movements_created_at' on 'stock_movements'
INFO  [alembic.autogenerate.compare.constraints] Detected removed index 'ix_stock_movements_deleted_at' on 'stock_movements'
INFO  [alembic.autogenerate.compare.constraints] Detected removed unique constraint 'uq_stock_movements_uuid' on 'stock_movements'
INFO  [alembic.autogenerate.compare.constraints] Detected removed index 'ix_stock_transfers_approved_at' on 'stock_transfers'
INFO  [alembic.autogenerate.compare.constraints] Detected removed index 'ix_stock_transfers_created_at' on 'stock_transfers'
INFO  [alembic.autogenerate.compare.constraints] Detected removed index 'ix_stock_transfers_deleted_at' on 'stock_transfers'
INFO  [alembic.autogenerate.compare.constraints] Detected removed unique constraint 'uq_stock_transfers_transfer_number' on 'stock_transfers'
INFO  [alembic.autogenerate.compare.constraints] Detected removed unique constraint 'uq_stock_transfers_uuid' on 'stock_transfers'
INFO  [alembic.autogenerate.compare.constraints] Detected removed index 'ix_suppliers_created_at' on 'suppliers'
INFO  [alembic.autogenerate.compare.constraints] Detected removed index 'ix_suppliers_deleted_at' on 'suppliers'
INFO  [alembic.autogenerate.compare.constraints] Detected removed unique constraint 'uq_suppliers_uuid' on 'suppliers'
INFO  [alembic.autogenerate.compare.constraints] Detected removed index 'ix_taxes_created_at' on 'taxes'
INFO  [alembic.autogenerate.compare.constraints] Detected removed index 'ix_taxes_deleted_at' on 'taxes'
INFO  [alembic.autogenerate.compare.constraints] Detected removed unique constraint 'uq_taxes_uuid' on 'taxes'
INFO  [alembic.autogenerate.compare.constraints] Detected removed index 'ix_units_created_at' on 'units'
INFO  [alembic.autogenerate.compare.constraints] Detected removed index 'ix_units_deleted_at' on 'units'
INFO  [alembic.autogenerate.compare.constraints] Detected removed unique constraint 'uq_units_code' on 'units'
INFO  [alembic.autogenerate.compare.constraints] Detected removed unique constraint 'uq_units_name' on 'units'
INFO  [alembic.autogenerate.compare.constraints] Detected removed unique constraint 'uq_units_uuid' on 'units'
INFO  [alembic.autogenerate.compare.constraints] Detected NULL on column 'users.is_verified'
INFO  [alembic.autogenerate.compare.tables] Detected removed column 'users.role'
INFO  [alembic.autogenerate.compare.constraints] Detected removed index 'ix_warehouses_created_at' on 'warehouses'
INFO  [alembic.autogenerate.compare.constraints] Detected removed index 'ix_warehouses_deleted_at' on 'warehouses'
INFO  [alembic.autogenerate.compare.constraints] Detected removed unique constraint 'uq_warehouses_code' on 'warehouses'
INFO  [alembic.autogenerate.compare.constraints] Detected removed unique constraint 'uq_warehouses_uuid' on 'warehouses'
ERROR [alembic.util.messaging] New upgrade operations detected: [('add_table', Table('employees', MetaData(), Column('id', Integer(), table=<employees>, primary_key=True, nullable=False), Column('first_name', String(length=100), table=<employees>, nullable=False), Column('last_name', String(length=100), table=<employees>), Column('email', String(length=255), table=<employees>), Column('phone', String(length=30), table=<employees>), Column('position', String(length=100), table=<employees>), Column('is_active', Boolean(), table=<employees>, default=ScalarElementColumnDefault(True)), Column('created_at', DateTime(timezone=True), table=<employees>, server_default=DefaultClause(<sqlalchemy.sql.functions.now at 0x109b54050; now>, for_update=False)), Column('updated_at', DateTime(timezone=True), table=<employees>, onupdate=ColumnElementColumnDefault(<sqlalchemy.sql.functions.now at 0x109b35250; now>), server_default=DefaultClause(<sqlalchemy.sql.functions.now at 0x109b54380; now>, for_update=False)), schema=None)), ('add_index', Index('ix_employees_email', Column('email', String(length=255), table=<employees>), unique=True)), ('add_index', Index('ix_employees_id', Column('id', Integer(), table=<employees>, primary_key=True, nullable=False))), ('remove_index', Index('ix_activities_activity_at', Column('activity_at', TIMESTAMP(timezone=True), table=<activities>, nullable=False))), ('remove_index', Index('ix_activities_deleted_at', Column('deleted_at', TIMESTAMP(timezone=True), table=<activities>))), ('remove_constraint', UniqueConstraint(Column('uuid', NullType(), table=<activities>))), ('add_index', Index('ix_activities_activity_type', Column('activity_type', String(length=50), table=<activities>, nullable=False))), ('add_index', Index('ix_activities_contact_id', Column('contact_id', Integer(), table=<activities>))), ('add_index', Index('ix_activities_id', Column('id', Integer(), table=<activities>, primary_key=True, nullable=False))), ('add_index', Index('ix_activities_opportunity_id', Column('opportunity_id', Integer(), table=<activities>))), ('add_index', Index('ix_activities_organization_id', Column('organization_id', Integer(), table=<activities>, nullable=False))), ('add_index', Index('ix_activities_owner', Column('owner', Integer(), table=<activities>))), ('add_index', Index('ix_activities_uuid', Column('uuid', String(length=36), table=<activities>, nullable=False, default=CallableColumnDefault(<function UUIDMixin.<lambda> at 0x109b07a00>)), unique=True)), ('remove_index', Index('ix_attribute_values_created_at', Column('created_at', TIMESTAMP(timezone=True), table=<attribute_values>, server_default=DefaultClause(<sqlalchemy.sql.elements.TextClause object at 0x10f18c2f0>, for_update=False)))), ('remove_index', Index('ix_attribute_values_deleted_at', Column('deleted_at', TIMESTAMP(timezone=True), table=<attribute_values>))), ('remove_constraint', UniqueConstraint(Column('uuid', NullType(), table=<attribute_values>))), ('remove_index', Index('ix_brands_created_at', Column('created_at', TIMESTAMP(timezone=True), table=<brands>, server_default=DefaultClause(<sqlalchemy.sql.elements.TextClause object at 0x10f12d6a0>, for_update=False)))), ('remove_index', Index('ix_brands_deleted_at', Column('deleted_at', TIMESTAMP(timezone=True), table=<brands>))), ('remove_constraint', UniqueConstraint(Column('name', NullType(), table=<brands>))), ('remove_constraint', UniqueConstraint(Column('uuid', NullType(), table=<brands>))), ('remove_index', Index('ix_categories_created_at', Column('created_at', TIMESTAMP(timezone=True), table=<categories>, server_default=DefaultClause(<sqlalchemy.sql.elements.TextClause object at 0x10f18dfd0>, for_update=False)))), ('remove_index', Index('ix_categories_deleted_at', Column('deleted_at', TIMESTAMP(timezone=True), table=<categories>))), ('remove_constraint', UniqueConstraint(Column('slug', NullType(), table=<categories>))), ('remove_constraint', UniqueConstraint(Column('uuid', NullType(), table=<categories>))), ('add_column', None, 'companies', Column('name', String(length=150), table=<companies>, nullable=False)), ('remove_fk', ForeignKeyConstraint(<sqlalchemy.sql.base.ReadOnlyColumnCollection object at 0x10ae80180>, None, name='companies_owner_id_fkey', table=Table('companies', MetaData(), Column('owner_id', NullType(), ForeignKey('users.id'), table=<companies>), schema=None))), ('remove_column', None, 'companies', Column('language', VARCHAR(length=50), table=<companies>)), ('remove_column', None, 'companies', Column('logo', VARCHAR(length=500), table=<companies>)), ('remove_column', None, 'companies', Column('currency', VARCHAR(length=20), table=<companies>)), ('remove_column', None, 'companies', Column('business_type', VARCHAR(length=150), table=<companies>)), ('remove_column', None, 'companies', Column('timezone', VARCHAR(length=100), table=<companies>)), ('remove_column', None, 'companies', Column('company_name', VARCHAR(length=255), table=<companies>, nullable=False)), ('remove_column', None, 'companies', Column('city', VARCHAR(length=100), table=<companies>)), ('remove_column', None, 'companies', Column('address', VARCHAR(length=255), table=<companies>)), ('remove_column', None, 'companies', Column('owner_id', INTEGER(), ForeignKey('users.id'), ForeignKey('users.id'), table=<companies>, nullable=False)), ('remove_column', None, 'companies', Column('country', VARCHAR(), table=<companies>)), ('remove_column', None, 'companies', Column('legal_name', VARCHAR(length=255), table=<companies>)), ('remove_column', None, 'companies', Column('tax_number', VARCHAR(length=100), table=<companies>)), ('remove_column', None, 'companies', Column('industry', VARCHAR(length=150), table=<companies>)), ('remove_column', None, 'companies', Column('registration_number', VARCHAR(length=100), table=<companies>)), ('remove_column', None, 'companies', Column('updated_at', TIMESTAMP(timezone=True), table=<companies>, server_default=DefaultClause(<sqlalchemy.sql.elements.TextClause object at 0x10f051d30>, for_update=False))), ('remove_index', Index('ix_contacts_deleted_at', Column('deleted_at', TIMESTAMP(timezone=True), table=<contacts>))), ('remove_constraint', UniqueConstraint(Column('uuid', NullType(), table=<contacts>))), ('add_index', Index('ix_contacts_first_name', Column('first_name', String(length=100), table=<contacts>, nullable=False))), ('add_index', Index('ix_contacts_id', Column('id', Integer(), table=<contacts>, primary_key=True, nullable=False))), ('add_index', Index('ix_contacts_last_name', Column('last_name', String(length=100), table=<contacts>, nullable=False))), ('add_index', Index('ix_contacts_uuid', Column('uuid', String(length=36), table=<contacts>, nullable=False, default=CallableColumnDefault(<function UUIDMixin.<lambda> at 0x109b07a00>)), unique=True)), ('remove_index', Index('ix_crm_tasks_deleted_at', Column('deleted_at', TIMESTAMP(timezone=True), table=<crm_tasks>))), ('remove_constraint', UniqueConstraint(Column('uuid', NullType(), table=<crm_tasks>))), ('add_index', Index('ix_crm_tasks_contact_id', Column('contact_id', Integer(), table=<crm_tasks>))), ('add_index', Index('ix_crm_tasks_id', Column('id', Integer(), table=<crm_tasks>, primary_key=True, nullable=False))), ('add_index', Index('ix_crm_tasks_lead_id', Column('lead_id', Integer(), table=<crm_tasks>))), ('add_index', Index('ix_crm_tasks_opportunity_id', Column('opportunity_id', Integer(), table=<crm_tasks>))), ('add_index', Index('ix_crm_tasks_organization_id', Column('organization_id', Integer(), table=<crm_tasks>, nullable=False))), ('add_index', Index('ix_crm_tasks_priority', Column('priority', String(length=50), table=<crm_tasks>, nullable=False, default=ScalarElementColumnDefault('medium')))), ('add_index', Index('ix_crm_tasks_title', Column('title', String(length=200), table=<crm_tasks>, nullable=False))), ('add_index', Index('ix_crm_tasks_uuid', Column('uuid', String(length=36), table=<crm_tasks>, nullable=False, default=CallableColumnDefault(<function UUIDMixin.<lambda> at 0x109b07a00>)), unique=True)), ('remove_index', Index('ix_customers_deleted_at', Column('deleted_at', TIMESTAMP(timezone=True), table=<customers>))), ('remove_constraint', UniqueConstraint(Column('customer_code', NullType(), table=<customers>))), ('remove_constraint', UniqueConstraint(Column('uuid', NullType(), table=<customers>))), ('add_index', Index('ix_customers_assigned_to', Column('assigned_to', Integer(), table=<customers>))), ('add_index', Index('ix_customers_customer_code', Column('customer_code', String(length=50), table=<customers>, nullable=False), unique=True)), ('add_index', Index('ix_customers_first_name', Column('first_name', String(length=100), table=<customers>, nullable=False))), ('add_index', Index('ix_customers_id', Column('id', Integer(), table=<customers>, primary_key=True, nullable=False))), ('add_index', Index('ix_customers_last_name', Column('last_name', String(length=100), table=<customers>, nullable=False))), ('add_index', Index('ix_customers_mobile', Column('mobile', String(length=50), table=<customers>))), ('add_index', Index('ix_customers_uuid', Column('uuid', String(length=36), table=<customers>, nullable=False, default=CallableColumnDefault(<function UUIDMixin.<lambda> at 0x109b07a00>)), unique=True)), ('add_column', None, 'departments', Column('created_at', DateTime(timezone=True), table=<departments>, server_default=DefaultClause(<sqlalchemy.sql.functions.now at 0x1092c9b50; now>, for_update=False))), [('modify_nullable', None, 'departments', 'name', {'existing_type': VARCHAR(), 'existing_server_default': False, 'existing_comment': None}, True, False)], ('add_index', Index('ix_departments_id', Column('id', Integer(), table=<departments>, primary_key=True, nullable=False))), ('remove_column', None, 'departments', Column('description', VARCHAR(), table=<departments>)), ('remove_index', Index('ix_discounts_created_at', Column('created_at', TIMESTAMP(timezone=True), table=<discounts>, server_default=DefaultClause(<sqlalchemy.sql.elements.TextClause object at 0x10f075f60>, for_update=False)))), ('remove_index', Index('ix_discounts_deleted_at', Column('deleted_at', TIMESTAMP(timezone=True), table=<discounts>))), ('remove_constraint', UniqueConstraint(Column('code', NullType(), table=<discounts>))), ('remove_constraint', UniqueConstraint(Column('uuid', NullType(), table=<discounts>))), ('add_index', Index('ix_discounts_ends_at', Column('ends_at', DateTime(timezone=True), table=<discounts>))), ('add_index', Index('ix_discounts_starts_at', Column('starts_at', DateTime(timezone=True), table=<discounts>))), ('remove_index', Index('ix_inventory_created_at', Column('created_at', TIMESTAMP(timezone=True), table=<inventory>, server_default=DefaultClause(<sqlalchemy.sql.elements.TextClause object at 0x10af9e970>, for_update=False)))), ('remove_index', Index('ix_inventory_deleted_at', Column('deleted_at', TIMESTAMP(timezone=True), table=<inventory>))), ('remove_constraint', UniqueConstraint(Column('uuid', NullType(), table=<inventory>))), ('remove_index', Index('ix_invoice_items_created_at', Column('created_at', TIMESTAMP(timezone=True), table=<invoice_items>, server_default=DefaultClause(<sqlalchemy.sql.elements.TextClause object at 0x10f0532a0>, for_update=False)))), ('remove_index', Index('ix_invoice_items_deleted_at', Column('deleted_at', TIMESTAMP(timezone=True), table=<invoice_items>))), ('remove_constraint', UniqueConstraint(Column('uuid', NullType(), table=<invoice_items>))), ('remove_index', Index('ix_invoice_payments_created_at', Column('created_at', TIMESTAMP(timezone=True), table=<invoice_payments>, server_default=DefaultClause(<sqlalchemy.sql.elements.TextClause object at 0x10aea1940>, for_update=False)))), ('remove_index', Index('ix_invoice_payments_deleted_at', Column('deleted_at', TIMESTAMP(timezone=True), table=<invoice_payments>))), ('remove_constraint', UniqueConstraint(Column('uuid', NullType(), table=<invoice_payments>))), ('remove_index', Index('ix_invoices_created_at', Column('created_at', TIMESTAMP(timezone=True), table=<invoices>, server_default=DefaultClause(<sqlalchemy.sql.elements.TextClause object at 0x10af592b0>, for_update=False)))), ('remove_index', Index('ix_invoices_deleted_at', Column('deleted_at', TIMESTAMP(timezone=True), table=<invoices>))), ('remove_constraint', UniqueConstraint(Column('invoice_number', NullType(), table=<invoices>))), ('remove_constraint', UniqueConstraint(Column('uuid', NullType(), table=<invoices>))), ('remove_index', Index('ix_leads_deleted_at', Column('deleted_at', TIMESTAMP(timezone=True), table=<leads>))), ('remove_constraint', UniqueConstraint(Column('lead_number', NullType(), table=<leads>))), ('remove_constraint', UniqueConstraint(Column('uuid', NullType(), table=<leads>))), ('add_index', Index('ix_leads_assigned_to', Column('assigned_to', Integer(), table=<leads>))), ('add_index', Index('ix_leads_id', Column('id', Integer(), table=<leads>, primary_key=True, nullable=False))), ('add_index', Index('ix_leads_lead_number', Column('lead_number', String(length=50), table=<leads>, nullable=False), unique=True)), ('add_index', Index('ix_leads_priority', Column('priority', String(length=50), table=<leads>, nullable=False, default=ScalarElementColumnDefault('medium')))), ('add_index', Index('ix_leads_uuid', Column('uuid', String(length=36), table=<leads>, nullable=False, default=CallableColumnDefault(<function UUIDMixin.<lambda> at 0x109b07a00>)), unique=True)), ('remove_index', Index('ix_opportunities_deleted_at', Column('deleted_at', TIMESTAMP(timezone=True), table=<opportunities>))), ('remove_constraint', UniqueConstraint(Column('uuid', NullType(), table=<opportunities>))), ('add_index', Index('ix_opportunities_id', Column('id', Integer(), table=<opportunities>, primary_key=True, nullable=False))), ('add_index', Index('ix_opportunities_owner', Column('owner', Integer(), table=<opportunities>))), ('add_index', Index('ix_opportunities_pipeline', Column('pipeline', String(length=100), table=<opportunities>, nullable=False, default=ScalarElementColumnDefault('default')))), ('add_index', Index('ix_opportunities_title', Column('title', String(length=200), table=<opportunities>, nullable=False))), ('add_index', Index('ix_opportunities_uuid', Column('uuid', String(length=36), table=<opportunities>, nullable=False, default=CallableColumnDefault(<function UUIDMixin.<lambda> at 0x109b07a00>)), unique=True)), ('remove_index', Index('ix_order_attachments_created_at', Column('created_at', TIMESTAMP(timezone=True), table=<order_attachments>, server_default=DefaultClause(<sqlalchemy.sql.elements.TextClause object at 0x10aeed710>, for_update=False)))), ('remove_index', Index('ix_order_attachments_deleted_at', Column('deleted_at', TIMESTAMP(timezone=True), table=<order_attachments>))), ('remove_constraint', UniqueConstraint(Column('uuid', NullType(), table=<order_attachments>))), ('remove_index', Index('ix_order_history_created_at', Column('created_at', TIMESTAMP(timezone=True), table=<order_history>, server_default=DefaultClause(<sqlalchemy.sql.elements.TextClause object at 0x10f0b00c0>, for_update=False)))), ('remove_index', Index('ix_order_history_deleted_at', Column('deleted_at', TIMESTAMP(timezone=True), table=<order_history>))), ('remove_constraint', UniqueConstraint(Column('uuid', NullType(), table=<order_history>))), ('remove_index', Index('ix_order_items_created_at', Column('created_at', TIMESTAMP(timezone=True), table=<order_items>, server_default=DefaultClause(<sqlalchemy.sql.elements.TextClause object at 0x10f12f850>, for_update=False)))), ('remove_index', Index('ix_order_items_deleted_at', Column('deleted_at', TIMESTAMP(timezone=True), table=<order_items>))), ('remove_constraint', UniqueConstraint(Column('uuid', NullType(), table=<order_items>))), ('remove_index', Index('ix_order_notes_created_at', Column('created_at', TIMESTAMP(timezone=True), table=<order_notes>, server_default=DefaultClause(<sqlalchemy.sql.elements.TextClause object at 0x10f090280>, for_update=False)))), ('remove_index', Index('ix_order_notes_deleted_at', Column('deleted_at', TIMESTAMP(timezone=True), table=<order_notes>))), ('remove_constraint', UniqueConstraint(Column('uuid', NullType(), table=<order_notes>))), ('remove_index', Index('ix_order_timeline_created_at', Column('created_at', TIMESTAMP(timezone=True), table=<order_timeline>, server_default=DefaultClause(<sqlalchemy.sql.elements.TextClause object at 0x10f170bb0>, for_update=False)))), ('remove_index', Index('ix_order_timeline_deleted_at', Column('deleted_at', TIMESTAMP(timezone=True), table=<order_timeline>))), ('remove_constraint', UniqueConstraint(Column('uuid', NullType(), table=<order_timeline>))), [('modify_type', None, 'organizations', 'name', {'existing_nullable': False, 'existing_server_default': False, 'existing_comment': None}, VARCHAR(length=255), String(length=150))], ('remove_index', Index('ix_organizations_slug', Column('slug', VARCHAR(length=255), table=<organizations>, nullable=False), unique=True)), ('remove_fk', ForeignKeyConstraint(<sqlalchemy.sql.base.ReadOnlyColumnCollection object at 0x10f663d80>, None, name='organizations_owner_id_fkey', table=Table('organizations', MetaData(), Column('owner_id', NullType(), ForeignKey('users.id'), table=<organizations>), schema=None))), ('remove_column', None, 'organizations', Column('website', VARCHAR(length=255), table=<organizations>)), ('remove_column', None, 'organizations', Column('language', VARCHAR(length=50), table=<organizations>)), ('remove_column', None, 'organizations', Column('logo', VARCHAR(length=500), table=<organizations>)), ('remove_column', None, 'organizations', Column('slug', VARCHAR(length=255), table=<organizations>, nullable=False)), ('remove_column', None, 'organizations', Column('timezone', VARCHAR(length=100), table=<organizations>)), ('remove_column', None, 'organizations', Column('city', VARCHAR(length=100), table=<organizations>)), ('remove_column', None, 'organizations', Column('email', VARCHAR(length=255), table=<organizations>)), ('remove_column', None, 'organizations', Column('description', VARCHAR(length=1000), table=<organizations>)), ('remove_column', None, 'organizations', Column('phone', VARCHAR(length=50), table=<organizations>)), ('remove_column', None, 'organizations', Column('owner_id', INTEGER(), ForeignKey('users.id'), ForeignKey('users.id'), table=<organizations>, nullable=False)), ('remove_column', None, 'organizations', Column('country', VARCHAR(length=100), table=<organizations>)), ('remove_column', None, 'organizations', Column('updated_at', TIMESTAMP(timezone=True), table=<organizations>, server_default=DefaultClause(<sqlalchemy.sql.elements.TextClause object at 0x10aea34d0>, for_update=False))), ('remove_index', Index('ix_payments_created_at', Column('created_at', TIMESTAMP(timezone=True), table=<payments>, server_default=DefaultClause(<sqlalchemy.sql.elements.TextClause object at 0x10f0b2dd0>, for_update=False)))), ('remove_index', Index('ix_payments_deleted_at', Column('deleted_at', TIMESTAMP(timezone=True), table=<payments>))), ('remove_constraint', UniqueConstraint(Column('payment_number', NullType(), table=<payments>))), ('remove_constraint', UniqueConstraint(Column('uuid', NullType(), table=<payments>))), ('add_index', Index('ix_permissions_id', Column('id', Integer(), table=<permissions>, primary_key=True, nullable=False))), ('remove_index', Index('ix_product_attributes_created_at', Column('created_at', TIMESTAMP(timezone=True), table=<product_attributes>, server_default=DefaultClause(<sqlalchemy.sql.elements.TextClause object at 0x10f206900>, for_update=False)))), ('remove_index', Index('ix_product_attributes_deleted_at', Column('deleted_at', TIMESTAMP(timezone=True), table=<product_attributes>))), ('remove_constraint', UniqueConstraint(Column('uuid', NullType(), table=<product_attributes>))), ('remove_index', Index('ix_product_images_created_at', Column('created_at', TIMESTAMP(timezone=True), table=<product_images>, server_default=DefaultClause(<sqlalchemy.sql.elements.TextClause object at 0x10af38910>, for_update=False)))), ('remove_index', Index('ix_product_images_deleted_at', Column('deleted_at', TIMESTAMP(timezone=True), table=<product_images>))), ('remove_constraint', UniqueConstraint(Column('uuid', NullType(), table=<product_images>))), ('remove_index', Index('ix_product_tags_created_at', Column('created_at', TIMESTAMP(timezone=True), table=<product_tags>, server_default=DefaultClause(<sqlalchemy.sql.elements.TextClause object at 0x10f009470>, for_update=False)))), ('remove_index', Index('ix_product_tags_deleted_at', Column('deleted_at', TIMESTAMP(timezone=True), table=<product_tags>))), ('remove_constraint', UniqueConstraint(Column('name', NullType(), table=<product_tags>))), ('remove_constraint', UniqueConstraint(Column('slug', NullType(), table=<product_tags>))), ('remove_constraint', UniqueConstraint(Column('uuid', NullType(), table=<product_tags>))), ('remove_index', Index('ix_product_variants_created_at', Column('created_at', TIMESTAMP(timezone=True), table=<product_variants>, server_default=DefaultClause(<sqlalchemy.sql.elements.TextClause object at 0x10f0dfc40>, for_update=False)))), ('remove_index', Index('ix_product_variants_deleted_at', Column('deleted_at', TIMESTAMP(timezone=True), table=<product_variants>))), ('remove_constraint', UniqueConstraint(Column('barcode', NullType(), table=<product_variants>))), ('remove_constraint', UniqueConstraint(Column('sku', NullType(), table=<product_variants>))), ('remove_constraint', UniqueConstraint(Column('uuid', NullType(), table=<product_variants>))), ('remove_index', Index('ix_products_created_at', Column('created_at', TIMESTAMP(timezone=True), table=<products>, server_default=DefaultClause(<sqlalchemy.sql.elements.TextClause object at 0x10f0248a0>, for_update=False)))), ('remove_index', Index('ix_products_deleted_at', Column('deleted_at', TIMESTAMP(timezone=True), table=<products>))), ('remove_constraint', UniqueConstraint(Column('barcode', NullType(), table=<products>))), ('remove_constraint', UniqueConstraint(Column('sku', NullType(), table=<products>))), ('remove_constraint', UniqueConstraint(Column('slug', NullType(), table=<products>))), ('remove_constraint', UniqueConstraint(Column('uuid', NullType(), table=<products>))), ('remove_index', Index('ix_quote_approvals_created_at', Column('created_at', TIMESTAMP(timezone=True), table=<quote_approvals>, server_default=DefaultClause(<sqlalchemy.sql.elements.TextClause object at 0x10f0dd630>, for_update=False)))), ('remove_index', Index('ix_quote_approvals_deleted_at', Column('deleted_at', TIMESTAMP(timezone=True), table=<quote_approvals>))), ('remove_constraint', UniqueConstraint(Column('uuid', NullType(), table=<quote_approvals>))), ('remove_index', Index('ix_quote_items_created_at', Column('created_at', TIMESTAMP(timezone=True), table=<quote_items>, server_default=DefaultClause(<sqlalchemy.sql.elements.TextClause object at 0x10aeb4b40>, for_update=False)))), ('remove_index', Index('ix_quote_items_deleted_at', Column('deleted_at', TIMESTAMP(timezone=True), table=<quote_items>))), ('remove_constraint', UniqueConstraint(Column('uuid', NullType(), table=<quote_items>))), ('remove_index', Index('ix_quote_versions_created_at', Column('created_at', TIMESTAMP(timezone=True), table=<quote_versions>, server_default=DefaultClause(<sqlalchemy.sql.elements.TextClause object at 0x10f107540>, for_update=False)))), ('remove_index', Index('ix_quote_versions_deleted_at', Column('deleted_at', TIMESTAMP(timezone=True), table=<quote_versions>))), ('remove_constraint', UniqueConstraint(Column('uuid', NullType(), table=<quote_versions>))), ('remove_index', Index('ix_quotes_created_at', Column('created_at', TIMESTAMP(timezone=True), table=<quotes>, server_default=DefaultClause(<sqlalchemy.sql.elements.TextClause object at 0x10aeefbd0>, for_update=False)))), ('remove_index', Index('ix_quotes_deleted_at', Column('deleted_at', TIMESTAMP(timezone=True), table=<quotes>))), ('remove_constraint', UniqueConstraint(Column('quote_number', NullType(), table=<quotes>))), ('remove_constraint', UniqueConstraint(Column('uuid', NullType(), table=<quotes>))), ('add_index', Index('ix_roles_id', Column('id', Integer(), table=<roles>, primary_key=True, nullable=False))), ('remove_index', Index('ix_sales_orders_created_at', Column('created_at', TIMESTAMP(timezone=True), table=<sales_orders>, server_default=DefaultClause(<sqlalchemy.sql.elements.TextClause object at 0x10aed02f0>, for_update=False)))), ('remove_index', Index('ix_sales_orders_deleted_at', Column('deleted_at', TIMESTAMP(timezone=True), table=<sales_orders>))), ('remove_constraint', UniqueConstraint(Column('order_number', NullType(), table=<sales_orders>))), ('remove_constraint', UniqueConstraint(Column('uuid', NullType(), table=<sales_orders>))), ('remove_index', Index('ix_shipments_created_at', Column('created_at', TIMESTAMP(timezone=True), table=<shipments>, server_default=DefaultClause(<sqlalchemy.sql.elements.TextClause object at 0x10f1da510>, for_update=False)))), ('remove_index', Index('ix_shipments_deleted_at', Column('deleted_at', TIMESTAMP(timezone=True), table=<shipments>))), ('remove_constraint', UniqueConstraint(Column('shipment_number', NullType(), table=<shipments>))), ('remove_constraint', UniqueConstraint(Column('tracking_number', NullType(), table=<shipments>))), ('remove_constraint', UniqueConstraint(Column('uuid', NullType(), table=<shipments>))), ('remove_index', Index('ix_shipping_methods_created_at', Column('created_at', TIMESTAMP(timezone=True), table=<shipping_methods>, server_default=DefaultClause(<sqlalchemy.sql.elements.TextClause object at 0x10af7e190>, for_update=False)))), ('remove_index', Index('ix_shipping_methods_deleted_at', Column('deleted_at', TIMESTAMP(timezone=True), table=<shipping_methods>))), ('remove_constraint', UniqueConstraint(Column('uuid', NullType(), table=<shipping_methods>))), ('remove_index', Index('ix_stock_adjustments_created_at', Column('created_at', TIMESTAMP(timezone=True), table=<stock_adjustments>, server_default=DefaultClause(<sqlalchemy.sql.elements.TextClause object at 0x10af3a580>, for_update=False)))), ('remove_index', Index('ix_stock_adjustments_deleted_at', Column('deleted_at', TIMESTAMP(timezone=True), table=<stock_adjustments>))), ('remove_constraint', UniqueConstraint(Column('uuid', NullType(), table=<stock_adjustments>))), ('remove_index', Index('ix_stock_movements_created_at', Column('created_at', TIMESTAMP(timezone=True), table=<stock_movements>, server_default=DefaultClause(<sqlalchemy.sql.elements.TextClause object at 0x10f1bbcb0>, for_update=False)))), ('remove_index', Index('ix_stock_movements_deleted_at', Column('deleted_at', TIMESTAMP(timezone=True), table=<stock_movements>))), ('remove_constraint', UniqueConstraint(Column('uuid', NullType(), table=<stock_movements>))), ('remove_index', Index('ix_stock_transfers_approved_at', Column('approved_at', TIMESTAMP(timezone=True), table=<stock_transfers>))), ('remove_index', Index('ix_stock_transfers_created_at', Column('created_at', TIMESTAMP(timezone=True), table=<stock_transfers>, server_default=DefaultClause(<sqlalchemy.sql.elements.TextClause object at 0x10f152660>, for_update=False)))), ('remove_index', Index('ix_stock_transfers_deleted_at', Column('deleted_at', TIMESTAMP(timezone=True), table=<stock_transfers>))), ('remove_constraint', UniqueConstraint(Column('transfer_number', NullType(), table=<stock_transfers>))), ('remove_constraint', UniqueConstraint(Column('uuid', NullType(), table=<stock_transfers>))), ('remove_index', Index('ix_suppliers_created_at', Column('created_at', TIMESTAMP(timezone=True), table=<suppliers>, server_default=DefaultClause(<sqlalchemy.sql.elements.TextClause object at 0x10af7c360>, for_update=False)))), ('remove_index', Index('ix_suppliers_deleted_at', Column('deleted_at', TIMESTAMP(timezone=True), table=<suppliers>))), ('remove_constraint', UniqueConstraint(Column('uuid', NullType(), table=<suppliers>))), ('remove_index', Index('ix_taxes_created_at', Column('created_at', TIMESTAMP(timezone=True), table=<taxes>, server_default=DefaultClause(<sqlalchemy.sql.elements.TextClause object at 0x10af12740>, for_update=False)))), ('remove_index', Index('ix_taxes_deleted_at', Column('deleted_at', TIMESTAMP(timezone=True), table=<taxes>))), ('remove_constraint', UniqueConstraint(Column('uuid', NullType(), table=<taxes>))), ('remove_index', Index('ix_units_created_at', Column('created_at', TIMESTAMP(timezone=True), table=<units>, server_default=DefaultClause(<sqlalchemy.sql.elements.TextClause object at 0x10f1726d0>, for_update=False)))), ('remove_index', Index('ix_units_deleted_at', Column('deleted_at', TIMESTAMP(timezone=True), table=<units>))), ('remove_constraint', UniqueConstraint(Column('code', NullType(), table=<units>))), ('remove_constraint', UniqueConstraint(Column('name', NullType(), table=<units>))), ('remove_constraint', UniqueConstraint(Column('uuid', NullType(), table=<units>))), [('modify_nullable', None, 'users', 'is_verified', {'existing_type': BOOLEAN(), 'existing_server_default': DefaultClause(<sqlalchemy.sql.elements.TextClause object at 0x10f106040>, for_update=False), 'existing_comment': None}, False, True)], ('remove_column', None, 'users', Column('role', VARCHAR(), table=<users>)), ('remove_index', Index('ix_warehouses_created_at', Column('created_at', TIMESTAMP(timezone=True), table=<warehouses>, server_default=DefaultClause(<sqlalchemy.sql.elements.TextClause object at 0x10f027f50>, for_update=False)))), ('remove_index', Index('ix_warehouses_deleted_at', Column('deleted_at', TIMESTAMP(timezone=True), table=<warehouses>))), ('remove_constraint', UniqueConstraint(Column('code', NullType(), table=<warehouses>))), ('remove_constraint', UniqueConstraint(Column('uuid', NullType(), table=<warehouses>)))]
FAILED: New upgrade operations detected: [('add_table', Table('employees', MetaData(), Column('id', Integer(), table=<employees>, primary_key=True, nullable=False), Column('first_name', String(length=100), table=<employees>, nullable=False), Column('last_name', String(length=100), table=<employees>), Column('email', String(length=255), table=<employees>), Column('phone', String(length=30), table=<employees>), Column('position', String(length=100), table=<employees>), Column('is_active', Boolean(), table=<employees>, default=ScalarElementColumnDefault(True)), Column('created_at', DateTime(timezone=True), table=<employees>, server_default=DefaultClause(<sqlalchemy.sql.functions.now at 0x109b54050; now>, for_update=False)), Column('updated_at', DateTime(timezone=True), table=<employees>, onupdate=ColumnElementColumnDefault(<sqlalchemy.sql.functions.now at 0x109b35250; now>), server_default=DefaultClause(<sqlalchemy.sql.functions.now at 0x109b54380; now>, for_update=False)), schema=None)), ('add_index', Index('ix_employees_email', Column('email', String(length=255), table=<employees>), unique=True)), ('add_index', Index('ix_employees_id', Column('id', Integer(), table=<employees>, primary_key=True, nullable=False))), ('remove_index', Index('ix_activities_activity_at', Column('activity_at', TIMESTAMP(timezone=True), table=<activities>, nullable=False))), ('remove_index', Index('ix_activities_deleted_at', Column('deleted_at', TIMESTAMP(timezone=True), table=<activities>))), ('remove_constraint', UniqueConstraint(Column('uuid', NullType(), table=<activities>))), ('add_index', Index('ix_activities_activity_type', Column('activity_type', String(length=50), table=<activities>, nullable=False))), ('add_index', Index('ix_activities_contact_id', Column('contact_id', Integer(), table=<activities>))), ('add_index', Index('ix_activities_id', Column('id', Integer(), table=<activities>, primary_key=True, nullable=False))), ('add_index', Index('ix_activities_opportunity_id', Column('opportunity_id', Integer(), table=<activities>))), ('add_index', Index('ix_activities_organization_id', Column('organization_id', Integer(), table=<activities>, nullable=False))), ('add_index', Index('ix_activities_owner', Column('owner', Integer(), table=<activities>))), ('add_index', Index('ix_activities_uuid', Column('uuid', String(length=36), table=<activities>, nullable=False, default=CallableColumnDefault(<function UUIDMixin.<lambda> at 0x109b07a00>)), unique=True)), ('remove_index', Index('ix_attribute_values_created_at', Column('created_at', TIMESTAMP(timezone=True), table=<attribute_values>, server_default=DefaultClause(<sqlalchemy.sql.elements.TextClause object at 0x10f18c2f0>, for_update=False)))), ('remove_index', Index('ix_attribute_values_deleted_at', Column('deleted_at', TIMESTAMP(timezone=True), table=<attribute_values>))), ('remove_constraint', UniqueConstraint(Column('uuid', NullType(), table=<attribute_values>))), ('remove_index', Index('ix_brands_created_at', Column('created_at', TIMESTAMP(timezone=True), table=<brands>, server_default=DefaultClause(<sqlalchemy.sql.elements.TextClause object at 0x10f12d6a0>, for_update=False)))), ('remove_index', Index('ix_brands_deleted_at', Column('deleted_at', TIMESTAMP(timezone=True), table=<brands>))), ('remove_constraint', UniqueConstraint(Column('name', NullType(), table=<brands>))), ('remove_constraint', UniqueConstraint(Column('uuid', NullType(), table=<brands>))), ('remove_index', Index('ix_categories_created_at', Column('created_at', TIMESTAMP(timezone=True), table=<categories>, server_default=DefaultClause(<sqlalchemy.sql.elements.TextClause object at 0x10f18dfd0>, for_update=False)))), ('remove_index', Index('ix_categories_deleted_at', Column('deleted_at', TIMESTAMP(timezone=True), table=<categories>))), ('remove_constraint', UniqueConstraint(Column('slug', NullType(), table=<categories>))), ('remove_constraint', UniqueConstraint(Column('uuid', NullType(), table=<categories>))), ('add_column', None, 'companies', Column('name', String(length=150), table=<companies>, nullable=False)), ('remove_fk', ForeignKeyConstraint(<sqlalchemy.sql.base.ReadOnlyColumnCollection object at 0x10ae80180>, None, name='companies_owner_id_fkey', table=Table('companies', MetaData(), Column('owner_id', NullType(), ForeignKey('users.id'), table=<companies>), schema=None))), ('remove_column', None, 'companies', Column('language', VARCHAR(length=50), table=<companies>)), ('remove_column', None, 'companies', Column('logo', VARCHAR(length=500), table=<companies>)), ('remove_column', None, 'companies', Column('currency', VARCHAR(length=20), table=<companies>)), ('remove_column', None, 'companies', Column('business_type', VARCHAR(length=150), table=<companies>)), ('remove_column', None, 'companies', Column('timezone', VARCHAR(length=100), table=<companies>)), ('remove_column', None, 'companies', Column('company_name', VARCHAR(length=255), table=<companies>, nullable=False)), ('remove_column', None, 'companies', Column('city', VARCHAR(length=100), table=<companies>)), ('remove_column', None, 'companies', Column('address', VARCHAR(length=255), table=<companies>)), ('remove_column', None, 'companies', Column('owner_id', INTEGER(), ForeignKey('users.id'), ForeignKey('users.id'), table=<companies>, nullable=False)), ('remove_column', None, 'companies', Column('country', VARCHAR(), table=<companies>)), ('remove_column', None, 'companies', Column('legal_name', VARCHAR(length=255), table=<companies>)), ('remove_column', None, 'companies', Column('tax_number', VARCHAR(length=100), table=<companies>)), ('remove_column', None, 'companies', Column('industry', VARCHAR(length=150), table=<companies>)), ('remove_column', None, 'companies', Column('registration_number', VARCHAR(length=100), table=<companies>)), ('remove_column', None, 'companies', Column('updated_at', TIMESTAMP(timezone=True), table=<companies>, server_default=DefaultClause(<sqlalchemy.sql.elements.TextClause object at 0x10f051d30>, for_update=False))), ('remove_index', Index('ix_contacts_deleted_at', Column('deleted_at', TIMESTAMP(timezone=True), table=<contacts>))), ('remove_constraint', UniqueConstraint(Column('uuid', NullType(), table=<contacts>))), ('add_index', Index('ix_contacts_first_name', Column('first_name', String(length=100), table=<contacts>, nullable=False))), ('add_index', Index('ix_contacts_id', Column('id', Integer(), table=<contacts>, primary_key=True, nullable=False))), ('add_index', Index('ix_contacts_last_name', Column('last_name', String(length=100), table=<contacts>, nullable=False))), ('add_index', Index('ix_contacts_uuid', Column('uuid', String(length=36), table=<contacts>, nullable=False, default=CallableColumnDefault(<function UUIDMixin.<lambda> at 0x109b07a00>)), unique=True)), ('remove_index', Index('ix_crm_tasks_deleted_at', Column('deleted_at', TIMESTAMP(timezone=True), table=<crm_tasks>))), ('remove_constraint', UniqueConstraint(Column('uuid', NullType(), table=<crm_tasks>))), ('add_index', Index('ix_crm_tasks_contact_id', Column('contact_id', Integer(), table=<crm_tasks>))), ('add_index', Index('ix_crm_tasks_id', Column('id', Integer(), table=<crm_tasks>, primary_key=True, nullable=False))), ('add_index', Index('ix_crm_tasks_lead_id', Column('lead_id', Integer(), table=<crm_tasks>))), ('add_index', Index('ix_crm_tasks_opportunity_id', Column('opportunity_id', Integer(), table=<crm_tasks>))), ('add_index', Index('ix_crm_tasks_organization_id', Column('organization_id', Integer(), table=<crm_tasks>, nullable=False))), ('add_index', Index('ix_crm_tasks_priority', Column('priority', String(length=50), table=<crm_tasks>, nullable=False, default=ScalarElementColumnDefault('medium')))), ('add_index', Index('ix_crm_tasks_title', Column('title', String(length=200), table=<crm_tasks>, nullable=False))), ('add_index', Index('ix_crm_tasks_uuid', Column('uuid', String(length=36), table=<crm_tasks>, nullable=False, default=CallableColumnDefault(<function UUIDMixin.<lambda> at 0x109b07a00>)), unique=True)), ('remove_index', Index('ix_customers_deleted_at', Column('deleted_at', TIMESTAMP(timezone=True), table=<customers>))), ('remove_constraint', UniqueConstraint(Column('customer_code', NullType(), table=<customers>))), ('remove_constraint', UniqueConstraint(Column('uuid', NullType(), table=<customers>))), ('add_index', Index('ix_customers_assigned_to', Column('assigned_to', Integer(), table=<customers>))), ('add_index', Index('ix_customers_customer_code', Column('customer_code', String(length=50), table=<customers>, nullable=False), unique=True)), ('add_index', Index('ix_customers_first_name', Column('first_name', String(length=100), table=<customers>, nullable=False))), ('add_index', Index('ix_customers_id', Column('id', Integer(), table=<customers>, primary_key=True, nullable=False))), ('add_index', Index('ix_customers_last_name', Column('last_name', String(length=100), table=<customers>, nullable=False))), ('add_index', Index('ix_customers_mobile', Column('mobile', String(length=50), table=<customers>))), ('add_index', Index('ix_customers_uuid', Column('uuid', String(length=36), table=<customers>, nullable=False, default=CallableColumnDefault(<function UUIDMixin.<lambda> at 0x109b07a00>)), unique=True)), ('add_column', None, 'departments', Column('created_at', DateTime(timezone=True), table=<departments>, server_default=DefaultClause(<sqlalchemy.sql.functions.now at 0x1092c9b50; now>, for_update=False))), [('modify_nullable', None, 'departments', 'name', {'existing_type': VARCHAR(), 'existing_server_default': False, 'existing_comment': None}, True, False)], ('add_index', Index('ix_departments_id', Column('id', Integer(), table=<departments>, primary_key=True, nullable=False))), ('remove_column', None, 'departments', Column('description', VARCHAR(), table=<departments>)), ('remove_index', Index('ix_discounts_created_at', Column('created_at', TIMESTAMP(timezone=True), table=<discounts>, server_default=DefaultClause(<sqlalchemy.sql.elements.TextClause object at 0x10f075f60>, for_update=False)))), ('remove_index', Index('ix_discounts_deleted_at', Column('deleted_at', TIMESTAMP(timezone=True), table=<discounts>))), ('remove_constraint', UniqueConstraint(Column('code', NullType(), table=<discounts>))), ('remove_constraint', UniqueConstraint(Column('uuid', NullType(), table=<discounts>))), ('add_index', Index('ix_discounts_ends_at', Column('ends_at', DateTime(timezone=True), table=<discounts>))), ('add_index', Index('ix_discounts_starts_at', Column('starts_at', DateTime(timezone=True), table=<discounts>))), ('remove_index', Index('ix_inventory_created_at', Column('created_at', TIMESTAMP(timezone=True), table=<inventory>, server_default=DefaultClause(<sqlalchemy.sql.elements.TextClause object at 0x10af9e970>, for_update=False)))), ('remove_index', Index('ix_inventory_deleted_at', Column('deleted_at', TIMESTAMP(timezone=True), table=<inventory>))), ('remove_constraint', UniqueConstraint(Column('uuid', NullType(), table=<inventory>))), ('remove_index', Index('ix_invoice_items_created_at', Column('created_at', TIMESTAMP(timezone=True), table=<invoice_items>, server_default=DefaultClause(<sqlalchemy.sql.elements.TextClause object at 0x10f0532a0>, for_update=False)))), ('remove_index', Index('ix_invoice_items_deleted_at', Column('deleted_at', TIMESTAMP(timezone=True), table=<invoice_items>))), ('remove_constraint', UniqueConstraint(Column('uuid', NullType(), table=<invoice_items>))), ('remove_index', Index('ix_invoice_payments_created_at', Column('created_at', TIMESTAMP(timezone=True), table=<invoice_payments>, server_default=DefaultClause(<sqlalchemy.sql.elements.TextClause object at 0x10aea1940>, for_update=False)))), ('remove_index', Index('ix_invoice_payments_deleted_at', Column('deleted_at', TIMESTAMP(timezone=True), table=<invoice_payments>))), ('remove_constraint', UniqueConstraint(Column('uuid', NullType(), table=<invoice_payments>))), ('remove_index', Index('ix_invoices_created_at', Column('created_at', TIMESTAMP(timezone=True), table=<invoices>, server_default=DefaultClause(<sqlalchemy.sql.elements.TextClause object at 0x10af592b0>, for_update=False)))), ('remove_index', Index('ix_invoices_deleted_at', Column('deleted_at', TIMESTAMP(timezone=True), table=<invoices>))), ('remove_constraint', UniqueConstraint(Column('invoice_number', NullType(), table=<invoices>))), ('remove_constraint', UniqueConstraint(Column('uuid', NullType(), table=<invoices>))), ('remove_index', Index('ix_leads_deleted_at', Column('deleted_at', TIMESTAMP(timezone=True), table=<leads>))), ('remove_constraint', UniqueConstraint(Column('lead_number', NullType(), table=<leads>))), ('remove_constraint', UniqueConstraint(Column('uuid', NullType(), table=<leads>))), ('add_index', Index('ix_leads_assigned_to', Column('assigned_to', Integer(), table=<leads>))), ('add_index', Index('ix_leads_id', Column('id', Integer(), table=<leads>, primary_key=True, nullable=False))), ('add_index', Index('ix_leads_lead_number', Column('lead_number', String(length=50), table=<leads>, nullable=False), unique=True)), ('add_index', Index('ix_leads_priority', Column('priority', String(length=50), table=<leads>, nullable=False, default=ScalarElementColumnDefault('medium')))), ('add_index', Index('ix_leads_uuid', Column('uuid', String(length=36), table=<leads>, nullable=False, default=CallableColumnDefault(<function UUIDMixin.<lambda> at 0x109b07a00>)), unique=True)), ('remove_index', Index('ix_opportunities_deleted_at', Column('deleted_at', TIMESTAMP(timezone=True), table=<opportunities>))), ('remove_constraint', UniqueConstraint(Column('uuid', NullType(), table=<opportunities>))), ('add_index', Index('ix_opportunities_id', Column('id', Integer(), table=<opportunities>, primary_key=True, nullable=False))), ('add_index', Index('ix_opportunities_owner', Column('owner', Integer(), table=<opportunities>))), ('add_index', Index('ix_opportunities_pipeline', Column('pipeline', String(length=100), table=<opportunities>, nullable=False, default=ScalarElementColumnDefault('default')))), ('add_index', Index('ix_opportunities_title', Column('title', String(length=200), table=<opportunities>, nullable=False))), ('add_index', Index('ix_opportunities_uuid', Column('uuid', String(length=36), table=<opportunities>, nullable=False, default=CallableColumnDefault(<function UUIDMixin.<lambda> at 0x109b07a00>)), unique=True)), ('remove_index', Index('ix_order_attachments_created_at', Column('created_at', TIMESTAMP(timezone=True), table=<order_attachments>, server_default=DefaultClause(<sqlalchemy.sql.elements.TextClause object at 0x10aeed710>, for_update=False)))), ('remove_index', Index('ix_order_attachments_deleted_at', Column('deleted_at', TIMESTAMP(timezone=True), table=<order_attachments>))), ('remove_constraint', UniqueConstraint(Column('uuid', NullType(), table=<order_attachments>))), ('remove_index', Index('ix_order_history_created_at', Column('created_at', TIMESTAMP(timezone=True), table=<order_history>, server_default=DefaultClause(<sqlalchemy.sql.elements.TextClause object at 0x10f0b00c0>, for_update=False)))), ('remove_index', Index('ix_order_history_deleted_at', Column('deleted_at', TIMESTAMP(timezone=True), table=<order_history>))), ('remove_constraint', UniqueConstraint(Column('uuid', NullType(), table=<order_history>))), ('remove_index', Index('ix_order_items_created_at', Column('created_at', TIMESTAMP(timezone=True), table=<order_items>, server_default=DefaultClause(<sqlalchemy.sql.elements.TextClause object at 0x10f12f850>, for_update=False)))), ('remove_index', Index('ix_order_items_deleted_at', Column('deleted_at', TIMESTAMP(timezone=True), table=<order_items>))), ('remove_constraint', UniqueConstraint(Column('uuid', NullType(), table=<order_items>))), ('remove_index', Index('ix_order_notes_created_at', Column('created_at', TIMESTAMP(timezone=True), table=<order_notes>, server_default=DefaultClause(<sqlalchemy.sql.elements.TextClause object at 0x10f090280>, for_update=False)))), ('remove_index', Index('ix_order_notes_deleted_at', Column('deleted_at', TIMESTAMP(timezone=True), table=<order_notes>))), ('remove_constraint', UniqueConstraint(Column('uuid', NullType(), table=<order_notes>))), ('remove_index', Index('ix_order_timeline_created_at', Column('created_at', TIMESTAMP(timezone=True), table=<order_timeline>, server_default=DefaultClause(<sqlalchemy.sql.elements.TextClause object at 0x10f170bb0>, for_update=False)))), ('remove_index', Index('ix_order_timeline_deleted_at', Column('deleted_at', TIMESTAMP(timezone=True), table=<order_timeline>))), ('remove_constraint', UniqueConstraint(Column('uuid', NullType(), table=<order_timeline>))), [('modify_type', None, 'organizations', 'name', {'existing_nullable': False, 'existing_server_default': False, 'existing_comment': None}, VARCHAR(length=255), String(length=150))], ('remove_index', Index('ix_organizations_slug', Column('slug', VARCHAR(length=255), table=<organizations>, nullable=False), unique=True)), ('remove_fk', ForeignKeyConstraint(<sqlalchemy.sql.base.ReadOnlyColumnCollection object at 0x10f663d80>, None, name='organizations_owner_id_fkey', table=Table('organizations', MetaData(), Column('owner_id', NullType(), ForeignKey('users.id'), table=<organizations>), schema=None))), ('remove_column', None, 'organizations', Column('website', VARCHAR(length=255), table=<organizations>)), ('remove_column', None, 'organizations', Column('language', VARCHAR(length=50), table=<organizations>)), ('remove_column', None, 'organizations', Column('logo', VARCHAR(length=500), table=<organizations>)), ('remove_column', None, 'organizations', Column('slug', VARCHAR(length=255), table=<organizations>, nullable=False)), ('remove_column', None, 'organizations', Column('timezone', VARCHAR(length=100), table=<organizations>)), ('remove_column', None, 'organizations', Column('city', VARCHAR(length=100), table=<organizations>)), ('remove_column', None, 'organizations', Column('email', VARCHAR(length=255), table=<organizations>)), ('remove_column', None, 'organizations', Column('description', VARCHAR(length=1000), table=<organizations>)), ('remove_column', None, 'organizations', Column('phone', VARCHAR(length=50), table=<organizations>)), ('remove_column', None, 'organizations', Column('owner_id', INTEGER(), ForeignKey('users.id'), ForeignKey('users.id'), table=<organizations>, nullable=False)), ('remove_column', None, 'organizations', Column('country', VARCHAR(length=100), table=<organizations>)), ('remove_column', None, 'organizations', Column('updated_at', TIMESTAMP(timezone=True), table=<organizations>, server_default=DefaultClause(<sqlalchemy.sql.elements.TextClause object at 0x10aea34d0>, for_update=False))), ('remove_index', Index('ix_payments_created_at', Column('created_at', TIMESTAMP(timezone=True), table=<payments>, server_default=DefaultClause(<sqlalchemy.sql.elements.TextClause object at 0x10f0b2dd0>, for_update=False)))), ('remove_index', Index('ix_payments_deleted_at', Column('deleted_at', TIMESTAMP(timezone=True), table=<payments>))), ('remove_constraint', UniqueConstraint(Column('payment_number', NullType(), table=<payments>))), ('remove_constraint', UniqueConstraint(Column('uuid', NullType(), table=<payments>))), ('add_index', Index('ix_permissions_id', Column('id', Integer(), table=<permissions>, primary_key=True, nullable=False))), ('remove_index', Index('ix_product_attributes_created_at', Column('created_at', TIMESTAMP(timezone=True), table=<product_attributes>, server_default=DefaultClause(<sqlalchemy.sql.elements.TextClause object at 0x10f206900>, for_update=False)))), ('remove_index', Index('ix_product_attributes_deleted_at', Column('deleted_at', TIMESTAMP(timezone=True), table=<product_attributes>))), ('remove_constraint', UniqueConstraint(Column('uuid', NullType(), table=<product_attributes>))), ('remove_index', Index('ix_product_images_created_at', Column('created_at', TIMESTAMP(timezone=True), table=<product_images>, server_default=DefaultClause(<sqlalchemy.sql.elements.TextClause object at 0x10af38910>, for_update=False)))), ('remove_index', Index('ix_product_images_deleted_at', Column('deleted_at', TIMESTAMP(timezone=True), table=<product_images>))), ('remove_constraint', UniqueConstraint(Column('uuid', NullType(), table=<product_images>))), ('remove_index', Index('ix_product_tags_created_at', Column('created_at', TIMESTAMP(timezone=True), table=<product_tags>, server_default=DefaultClause(<sqlalchemy.sql.elements.TextClause object at 0x10f009470>, for_update=False)))), ('remove_index', Index('ix_product_tags_deleted_at', Column('deleted_at', TIMESTAMP(timezone=True), table=<product_tags>))), ('remove_constraint', UniqueConstraint(Column('name', NullType(), table=<product_tags>))), ('remove_constraint', UniqueConstraint(Column('slug', NullType(), table=<product_tags>))), ('remove_constraint', UniqueConstraint(Column('uuid', NullType(), table=<product_tags>))), ('remove_index', Index('ix_product_variants_created_at', Column('created_at', TIMESTAMP(timezone=True), table=<product_variants>, server_default=DefaultClause(<sqlalchemy.sql.elements.TextClause object at 0x10f0dfc40>, for_update=False)))), ('remove_index', Index('ix_product_variants_deleted_at', Column('deleted_at', TIMESTAMP(timezone=True), table=<product_variants>))), ('remove_constraint', UniqueConstraint(Column('barcode', NullType(), table=<product_variants>))), ('remove_constraint', UniqueConstraint(Column('sku', NullType(), table=<product_variants>))), ('remove_constraint', UniqueConstraint(Column('uuid', NullType(), table=<product_variants>))), ('remove_index', Index('ix_products_created_at', Column('created_at', TIMESTAMP(timezone=True), table=<products>, server_default=DefaultClause(<sqlalchemy.sql.elements.TextClause object at 0x10f0248a0>, for_update=False)))), ('remove_index', Index('ix_products_deleted_at', Column('deleted_at', TIMESTAMP(timezone=True), table=<products>))), ('remove_constraint', UniqueConstraint(Column('barcode', NullType(), table=<products>))), ('remove_constraint', UniqueConstraint(Column('sku', NullType(), table=<products>))), ('remove_constraint', UniqueConstraint(Column('slug', NullType(), table=<products>))), ('remove_constraint', UniqueConstraint(Column('uuid', NullType(), table=<products>))), ('remove_index', Index('ix_quote_approvals_created_at', Column('created_at', TIMESTAMP(timezone=True), table=<quote_approvals>, server_default=DefaultClause(<sqlalchemy.sql.elements.TextClause object at 0x10f0dd630>, for_update=False)))), ('remove_index', Index('ix_quote_approvals_deleted_at', Column('deleted_at', TIMESTAMP(timezone=True), table=<quote_approvals>))), ('remove_constraint', UniqueConstraint(Column('uuid', NullType(), table=<quote_approvals>))), ('remove_index', Index('ix_quote_items_created_at', Column('created_at', TIMESTAMP(timezone=True), table=<quote_items>, server_default=DefaultClause(<sqlalchemy.sql.elements.TextClause object at 0x10aeb4b40>, for_update=False)))), ('remove_index', Index('ix_quote_items_deleted_at', Column('deleted_at', TIMESTAMP(timezone=True), table=<quote_items>))), ('remove_constraint', UniqueConstraint(Column('uuid', NullType(), table=<quote_items>))), ('remove_index', Index('ix_quote_versions_created_at', Column('created_at', TIMESTAMP(timezone=True), table=<quote_versions>, server_default=DefaultClause(<sqlalchemy.sql.elements.TextClause object at 0x10f107540>, for_update=False)))), ('remove_index', Index('ix_quote_versions_deleted_at', Column('deleted_at', TIMESTAMP(timezone=True), table=<quote_versions>))), ('remove_constraint', UniqueConstraint(Column('uuid', NullType(), table=<quote_versions>))), ('remove_index', Index('ix_quotes_created_at', Column('created_at', TIMESTAMP(timezone=True), table=<quotes>, server_default=DefaultClause(<sqlalchemy.sql.elements.TextClause object at 0x10aeefbd0>, for_update=False)))), ('remove_index', Index('ix_quotes_deleted_at', Column('deleted_at', TIMESTAMP(timezone=True), table=<quotes>))), ('remove_constraint', UniqueConstraint(Column('quote_number', NullType(), table=<quotes>))), ('remove_constraint', UniqueConstraint(Column('uuid', NullType(), table=<quotes>))), ('add_index', Index('ix_roles_id', Column('id', Integer(), table=<roles>, primary_key=True, nullable=False))), ('remove_index', Index('ix_sales_orders_created_at', Column('created_at', TIMESTAMP(timezone=True), table=<sales_orders>, server_default=DefaultClause(<sqlalchemy.sql.elements.TextClause object at 0x10aed02f0>, for_update=False)))), ('remove_index', Index('ix_sales_orders_deleted_at', Column('deleted_at', TIMESTAMP(timezone=True), table=<sales_orders>))), ('remove_constraint', UniqueConstraint(Column('order_number', NullType(), table=<sales_orders>))), ('remove_constraint', UniqueConstraint(Column('uuid', NullType(), table=<sales_orders>))), ('remove_index', Index('ix_shipments_created_at', Column('created_at', TIMESTAMP(timezone=True), table=<shipments>, server_default=DefaultClause(<sqlalchemy.sql.elements.TextClause object at 0x10f1da510>, for_update=False)))), ('remove_index', Index('ix_shipments_deleted_at', Column('deleted_at', TIMESTAMP(timezone=True), table=<shipments>))), ('remove_constraint', UniqueConstraint(Column('shipment_number', NullType(), table=<shipments>))), ('remove_constraint', UniqueConstraint(Column('tracking_number', NullType(), table=<shipments>))), ('remove_constraint', UniqueConstraint(Column('uuid', NullType(), table=<shipments>))), ('remove_index', Index('ix_shipping_methods_created_at', Column('created_at', TIMESTAMP(timezone=True), table=<shipping_methods>, server_default=DefaultClause(<sqlalchemy.sql.elements.TextClause object at 0x10af7e190>, for_update=False)))), ('remove_index', Index('ix_shipping_methods_deleted_at', Column('deleted_at', TIMESTAMP(timezone=True), table=<shipping_methods>))), ('remove_constraint', UniqueConstraint(Column('uuid', NullType(), table=<shipping_methods>))), ('remove_index', Index('ix_stock_adjustments_created_at', Column('created_at', TIMESTAMP(timezone=True), table=<stock_adjustments>, server_default=DefaultClause(<sqlalchemy.sql.elements.TextClause object at 0x10af3a580>, for_update=False)))), ('remove_index', Index('ix_stock_adjustments_deleted_at', Column('deleted_at', TIMESTAMP(timezone=True), table=<stock_adjustments>))), ('remove_constraint', UniqueConstraint(Column('uuid', NullType(), table=<stock_adjustments>))), ('remove_index', Index('ix_stock_movements_created_at', Column('created_at', TIMESTAMP(timezone=True), table=<stock_movements>, server_default=DefaultClause(<sqlalchemy.sql.elements.TextClause object at 0x10f1bbcb0>, for_update=False)))), ('remove_index', Index('ix_stock_movements_deleted_at', Column('deleted_at', TIMESTAMP(timezone=True), table=<stock_movements>))), ('remove_constraint', UniqueConstraint(Column('uuid', NullType(), table=<stock_movements>))), ('remove_index', Index('ix_stock_transfers_approved_at', Column('approved_at', TIMESTAMP(timezone=True), table=<stock_transfers>))), ('remove_index', Index('ix_stock_transfers_created_at', Column('created_at', TIMESTAMP(timezone=True), table=<stock_transfers>, server_default=DefaultClause(<sqlalchemy.sql.elements.TextClause object at 0x10f152660>, for_update=False)))), ('remove_index', Index('ix_stock_transfers_deleted_at', Column('deleted_at', TIMESTAMP(timezone=True), table=<stock_transfers>))), ('remove_constraint', UniqueConstraint(Column('transfer_number', NullType(), table=<stock_transfers>))), ('remove_constraint', UniqueConstraint(Column('uuid', NullType(), table=<stock_transfers>))), ('remove_index', Index('ix_suppliers_created_at', Column('created_at', TIMESTAMP(timezone=True), table=<suppliers>, server_default=DefaultClause(<sqlalchemy.sql.elements.TextClause object at 0x10af7c360>, for_update=False)))), ('remove_index', Index('ix_suppliers_deleted_at', Column('deleted_at', TIMESTAMP(timezone=True), table=<suppliers>))), ('remove_constraint', UniqueConstraint(Column('uuid', NullType(), table=<suppliers>))), ('remove_index', Index('ix_taxes_created_at', Column('created_at', TIMESTAMP(timezone=True), table=<taxes>, server_default=DefaultClause(<sqlalchemy.sql.elements.TextClause object at 0x10af12740>, for_update=False)))), ('remove_index', Index('ix_taxes_deleted_at', Column('deleted_at', TIMESTAMP(timezone=True), table=<taxes>))), ('remove_constraint', UniqueConstraint(Column('uuid', NullType(), table=<taxes>))), ('remove_index', Index('ix_units_created_at', Column('created_at', TIMESTAMP(timezone=True), table=<units>, server_default=DefaultClause(<sqlalchemy.sql.elements.TextClause object at 0x10f1726d0>, for_update=False)))), ('remove_index', Index('ix_units_deleted_at', Column('deleted_at', TIMESTAMP(timezone=True), table=<units>))), ('remove_constraint', UniqueConstraint(Column('code', NullType(), table=<units>))), ('remove_constraint', UniqueConstraint(Column('name', NullType(), table=<units>))), ('remove_constraint', UniqueConstraint(Column('uuid', NullType(), table=<units>))), [('modify_nullable', None, 'users', 'is_verified', {'existing_type': BOOLEAN(), 'existing_server_default': DefaultClause(<sqlalchemy.sql.elements.TextClause object at 0x10f106040>, for_update=False), 'existing_comment': None}, False, True)], ('remove_column', None, 'users', Column('role', VARCHAR(), table=<users>)), ('remove_index', Index('ix_warehouses_created_at', Column('created_at', TIMESTAMP(timezone=True), table=<warehouses>, server_default=DefaultClause(<sqlalchemy.sql.elements.TextClause object at 0x10f027f50>, for_update=False)))), ('remove_index', Index('ix_warehouses_deleted_at', Column('deleted_at', TIMESTAMP(timezone=True), table=<warehouses>))), ('remove_constraint', UniqueConstraint(Column('code', NullType(), table=<warehouses>))), ('remove_constraint', UniqueConstraint(Column('uuid', NullType(), table=<warehouses>)))]
