INFO  [alembic.runtime.migration] Context impl PostgresqlImpl.
INFO  [alembic.runtime.migration] Will assume transactional DDL.
INFO  [alembic.runtime.plugins] setting up autogenerate plugin alembic.autogenerate.schemas
INFO  [alembic.runtime.plugins] setting up autogenerate plugin alembic.autogenerate.tables
INFO  [alembic.runtime.plugins] setting up autogenerate plugin alembic.autogenerate.types
INFO  [alembic.runtime.plugins] setting up autogenerate plugin alembic.autogenerate.constraints
INFO  [alembic.runtime.plugins] setting up autogenerate plugin alembic.autogenerate.defaults
INFO  [alembic.runtime.plugins] setting up autogenerate plugin alembic.autogenerate.comments
/Users/exshopi/Documents/Exshopi-Ai/backend/alembic/env.py:62: SAWarning: Cannot correctly sort tables; there are unresolvable cycles between tables "companies, organizations, users", which is usually caused by mutually dependent foreign key constraints.  Foreign key constraints involving these tables will not be considered; this warning may raise an error in a future release.
  context.run_migrations()
INFO  [alembic.autogenerate.compare.tables] Detected added table 'employees'
INFO  [alembic.autogenerate.compare.constraints] Detected added index 'ix_employees_company_id' on '('company_id',)'
INFO  [alembic.autogenerate.compare.constraints] Detected added index 'ix_employees_department_id' on '('department_id',)'
INFO  [alembic.autogenerate.compare.constraints] Detected added index 'ix_employees_email' on '('email',)'
INFO  [alembic.autogenerate.compare.constraints] Detected added index 'ix_employees_organization_id' on '('organization_id',)'
INFO  [alembic.autogenerate.compare.constraints] Detected added index 'ix_employees_user_id' on '('user_id',)'
INFO  [alembic.ddl.postgresql] Detected sequence named 'roles_id_seq' as owned by integer column 'roles(id)', assuming SERIAL and omitting
INFO  [alembic.ddl.postgresql] Detected sequence named 'product_images_id_seq' as owned by integer column 'product_images(id)', assuming SERIAL and omitting
INFO  [alembic.ddl.postgresql] Detected sequence named 'order_attachments_id_seq' as owned by integer column 'order_attachments(id)', assuming SERIAL and omitting
INFO  [alembic.ddl.postgresql] Detected sequence named 'crm_tasks_id_seq' as owned by integer column 'crm_tasks(id)', assuming SERIAL and omitting
INFO  [alembic.ddl.postgresql] Detected sequence named 'activities_id_seq' as owned by integer column 'activities(id)', assuming SERIAL and omitting
INFO  [alembic.ddl.postgresql] Detected sequence named 'quote_items_id_seq' as owned by integer column 'quote_items(id)', assuming SERIAL and omitting
INFO  [alembic.ddl.postgresql] Detected sequence named 'users_id_seq' as owned by integer column 'users(id)', assuming SERIAL and omitting
INFO  [alembic.ddl.postgresql] Detected sequence named 'invoice_items_id_seq' as owned by integer column 'invoice_items(id)', assuming SERIAL and omitting
INFO  [alembic.ddl.postgresql] Detected sequence named 'payments_id_seq' as owned by integer column 'payments(id)', assuming SERIAL and omitting
INFO  [alembic.ddl.postgresql] Detected sequence named 'contacts_id_seq' as owned by integer column 'contacts(id)', assuming SERIAL and omitting
INFO  [alembic.ddl.postgresql] Detected sequence named 'attribute_values_id_seq' as owned by integer column 'attribute_values(id)', assuming SERIAL and omitting
INFO  [alembic.ddl.postgresql] Detected sequence named 'stock_transfers_id_seq' as owned by integer column 'stock_transfers(id)', assuming SERIAL and omitting
INFO  [alembic.ddl.postgresql] Detected sequence named 'opportunities_id_seq' as owned by integer column 'opportunities(id)', assuming SERIAL and omitting
INFO  [alembic.ddl.postgresql] Detected sequence named 'product_variants_id_seq' as owned by integer column 'product_variants(id)', assuming SERIAL and omitting
INFO  [alembic.ddl.postgresql] Detected sequence named 'invoice_payments_id_seq' as owned by integer column 'invoice_payments(id)', assuming SERIAL and omitting
INFO  [alembic.ddl.postgresql] Detected sequence named 'warehouses_id_seq' as owned by integer column 'warehouses(id)', assuming SERIAL and omitting
INFO  [alembic.ddl.postgresql] Detected sequence named 'suppliers_id_seq' as owned by integer column 'suppliers(id)', assuming SERIAL and omitting
INFO  [alembic.ddl.postgresql] Detected sequence named 'leads_id_seq' as owned by integer column 'leads(id)', assuming SERIAL and omitting
INFO  [alembic.ddl.postgresql] Detected sequence named 'invoices_id_seq' as owned by integer column 'invoices(id)', assuming SERIAL and omitting
INFO  [alembic.ddl.postgresql] Detected sequence named 'order_history_id_seq' as owned by integer column 'order_history(id)', assuming SERIAL and omitting
INFO  [alembic.ddl.postgresql] Detected sequence named 'departments_id_seq' as owned by integer column 'departments(id)', assuming SERIAL and omitting
INFO  [alembic.ddl.postgresql] Detected sequence named 'products_id_seq' as owned by integer column 'products(id)', assuming SERIAL and omitting
INFO  [alembic.ddl.postgresql] Detected sequence named 'brands_id_seq' as owned by integer column 'brands(id)', assuming SERIAL and omitting
INFO  [alembic.ddl.postgresql] Detected sequence named 'inventory_id_seq' as owned by integer column 'inventory(id)', assuming SERIAL and omitting
INFO  [alembic.ddl.postgresql] Detected sequence named 'order_items_id_seq' as owned by integer column 'order_items(id)', assuming SERIAL and omitting
INFO  [alembic.ddl.postgresql] Detected sequence named 'permissions_id_seq' as owned by integer column 'permissions(id)', assuming SERIAL and omitting
INFO  [alembic.ddl.postgresql] Detected sequence named 'discounts_id_seq' as owned by integer column 'discounts(id)', assuming SERIAL and omitting
INFO  [alembic.ddl.postgresql] Detected sequence named 'customers_id_seq' as owned by integer column 'customers(id)', assuming SERIAL and omitting
INFO  [alembic.ddl.postgresql] Detected sequence named 'stock_adjustments_id_seq' as owned by integer column 'stock_adjustments(id)', assuming SERIAL and omitting
INFO  [alembic.ddl.postgresql] Detected sequence named 'categories_id_seq' as owned by integer column 'categories(id)', assuming SERIAL and omitting
INFO  [alembic.ddl.postgresql] Detected sequence named 'order_notes_id_seq' as owned by integer column 'order_notes(id)', assuming SERIAL and omitting
INFO  [alembic.ddl.postgresql] Detected sequence named 'quote_approvals_id_seq' as owned by integer column 'quote_approvals(id)', assuming SERIAL and omitting
INFO  [alembic.ddl.postgresql] Detected sequence named 'quotes_id_seq' as owned by integer column 'quotes(id)', assuming SERIAL and omitting
INFO  [alembic.ddl.postgresql] Detected sequence named 'units_id_seq' as owned by integer column 'units(id)', assuming SERIAL and omitting
INFO  [alembic.ddl.postgresql] Detected sequence named 'auth_tokens_id_seq' as owned by integer column 'auth_tokens(id)', assuming SERIAL and omitting
INFO  [alembic.ddl.postgresql] Detected sequence named 'shipping_methods_id_seq' as owned by integer column 'shipping_methods(id)', assuming SERIAL and omitting
INFO  [alembic.ddl.postgresql] Detected sequence named 'product_tags_id_seq' as owned by integer column 'product_tags(id)', assuming SERIAL and omitting
INFO  [alembic.ddl.postgresql] Detected sequence named 'stock_movements_id_seq' as owned by integer column 'stock_movements(id)', assuming SERIAL and omitting
INFO  [alembic.ddl.postgresql] Detected sequence named 'sales_orders_id_seq' as owned by integer column 'sales_orders(id)', assuming SERIAL and omitting
INFO  [alembic.ddl.postgresql] Detected sequence named 'taxes_id_seq' as owned by integer column 'taxes(id)', assuming SERIAL and omitting
INFO  [alembic.ddl.postgresql] Detected sequence named 'order_timeline_id_seq' as owned by integer column 'order_timeline(id)', assuming SERIAL and omitting
INFO  [alembic.ddl.postgresql] Detected sequence named 'product_attributes_id_seq' as owned by integer column 'product_attributes(id)', assuming SERIAL and omitting
INFO  [alembic.ddl.postgresql] Detected sequence named 'shipments_id_seq' as owned by integer column 'shipments(id)', assuming SERIAL and omitting
INFO  [alembic.ddl.postgresql] Detected sequence named 'organizations_id_seq' as owned by integer column 'organizations(id)', assuming SERIAL and omitting
INFO  [alembic.ddl.postgresql] Detected sequence named 'quote_versions_id_seq' as owned by integer column 'quote_versions(id)', assuming SERIAL and omitting
INFO  [alembic.ddl.postgresql] Detected sequence named 'companies_id_seq' as owned by integer column 'companies(id)', assuming SERIAL and omitting
INFO  [alembic.autogenerate.compare.constraints] Detected removed index 'ix_activities_activity_at' on 'activities'
INFO  [alembic.autogenerate.compare.constraints] Detected added index 'ix_activities_activity_type' on '('activity_type',)'
INFO  [alembic.autogenerate.compare.constraints] Detected added index 'ix_activities_contact_id' on '('contact_id',)'
INFO  [alembic.autogenerate.compare.constraints] Detected added index 'ix_activities_created_at' on '('created_at',)'
INFO  [alembic.autogenerate.compare.constraints] Detected added index 'ix_activities_opportunity_id' on '('opportunity_id',)'
INFO  [alembic.autogenerate.compare.constraints] Detected added index 'ix_activities_organization_id' on '('organization_id',)'
INFO  [alembic.autogenerate.compare.constraints] Detected added index 'ix_activities_owner' on '('owner',)'
INFO  [alembic.autogenerate.compare.constraints] Detected removed index 'ix_attribute_values_id' on 'attribute_values'
INFO  [alembic.autogenerate.compare.constraints] Detected removed index 'ix_attribute_values_uuid' on 'attribute_values'
INFO  [alembic.autogenerate.compare.constraints] Detected removed index 'ix_auth_tokens_id' on 'auth_tokens'
INFO  [alembic.autogenerate.compare.constraints] Detected removed index 'ix_brands_id' on 'brands'
INFO  [alembic.autogenerate.compare.constraints] Detected removed index 'ix_brands_name' on 'brands'
INFO  [alembic.autogenerate.compare.constraints] Detected removed index 'ix_brands_uuid' on 'brands'
INFO  [alembic.autogenerate.compare.constraints] Detected removed index 'ix_categories_id' on 'categories'
INFO  [alembic.autogenerate.compare.constraints] Detected removed index 'ix_categories_slug' on 'categories'
INFO  [alembic.autogenerate.compare.constraints] Detected removed index 'ix_categories_uuid' on 'categories'
INFO  [alembic.autogenerate.compare.tables] Detected added column 'companies.organization_id'
INFO  [alembic.autogenerate.compare.constraints] Detected removed index 'ix_companies_id' on 'companies'
INFO  [alembic.autogenerate.compare.constraints] Detected added index 'ix_companies_organization_id' on '('organization_id',)'
INFO  [alembic.autogenerate.compare.constraints] Detected added foreign key (organization_id)(id) on table companies
INFO  [alembic.autogenerate.compare.constraints] Detected added index 'ix_contacts_created_at' on '('created_at',)'
INFO  [alembic.autogenerate.compare.constraints] Detected added index 'ix_contacts_first_name' on '('first_name',)'
INFO  [alembic.autogenerate.compare.constraints] Detected added index 'ix_contacts_last_name' on '('last_name',)'
INFO  [alembic.autogenerate.compare.constraints] Detected added index 'ix_crm_tasks_contact_id' on '('contact_id',)'
INFO  [alembic.autogenerate.compare.constraints] Detected added index 'ix_crm_tasks_created_at' on '('created_at',)'
INFO  [alembic.autogenerate.compare.constraints] Detected added index 'ix_crm_tasks_lead_id' on '('lead_id',)'
INFO  [alembic.autogenerate.compare.constraints] Detected added index 'ix_crm_tasks_opportunity_id' on '('opportunity_id',)'
INFO  [alembic.autogenerate.compare.constraints] Detected added index 'ix_crm_tasks_organization_id' on '('organization_id',)'
INFO  [alembic.autogenerate.compare.constraints] Detected added index 'ix_crm_tasks_priority' on '('priority',)'
INFO  [alembic.autogenerate.compare.constraints] Detected added index 'ix_crm_tasks_title' on '('title',)'
INFO  [alembic.autogenerate.compare.constraints] Detected added index 'ix_customers_assigned_to' on '('assigned_to',)'
INFO  [alembic.autogenerate.compare.constraints] Detected added index 'ix_customers_created_at' on '('created_at',)'
INFO  [alembic.autogenerate.compare.constraints] Detected added index 'ix_customers_first_name' on '('first_name',)'
INFO  [alembic.autogenerate.compare.constraints] Detected added index 'ix_customers_last_name' on '('last_name',)'
INFO  [alembic.autogenerate.compare.constraints] Detected added index 'ix_customers_mobile' on '('mobile',)'
INFO  [alembic.autogenerate.compare.tables] Detected added column 'departments.organization_id'
INFO  [alembic.autogenerate.compare.tables] Detected added column 'departments.company_id'
INFO  [alembic.autogenerate.compare.constraints] Detected added index 'ix_departments_company_id' on '('company_id',)'
INFO  [alembic.autogenerate.compare.constraints] Detected added index 'ix_departments_organization_id' on '('organization_id',)'
INFO  [alembic.autogenerate.compare.constraints] Detected added foreign key (company_id)(id) on table departments
INFO  [alembic.autogenerate.compare.constraints] Detected added foreign key (organization_id)(id) on table departments
INFO  [alembic.autogenerate.compare.constraints] Detected removed index 'ix_discounts_code' on 'discounts'
INFO  [alembic.autogenerate.compare.constraints] Detected removed index 'ix_discounts_id' on 'discounts'
INFO  [alembic.autogenerate.compare.constraints] Detected removed index 'ix_discounts_uuid' on 'discounts'
INFO  [alembic.autogenerate.compare.constraints] Detected added index 'ix_discounts_ends_at' on '('ends_at',)'
INFO  [alembic.autogenerate.compare.constraints] Detected added index 'ix_discounts_starts_at' on '('starts_at',)'
INFO  [alembic.autogenerate.compare.constraints] Detected removed index 'ix_inventory_id' on 'inventory'
INFO  [alembic.autogenerate.compare.constraints] Detected removed index 'ix_inventory_uuid' on 'inventory'
INFO  [alembic.autogenerate.compare.constraints] Detected removed index 'ix_invoice_items_id' on 'invoice_items'
INFO  [alembic.autogenerate.compare.constraints] Detected removed index 'ix_invoice_items_uuid' on 'invoice_items'
INFO  [alembic.autogenerate.compare.constraints] Detected removed index 'ix_invoice_payments_id' on 'invoice_payments'
INFO  [alembic.autogenerate.compare.constraints] Detected removed index 'ix_invoice_payments_uuid' on 'invoice_payments'
INFO  [alembic.autogenerate.compare.constraints] Detected removed index 'ix_invoices_id' on 'invoices'
INFO  [alembic.autogenerate.compare.constraints] Detected removed index 'ix_invoices_invoice_number' on 'invoices'
INFO  [alembic.autogenerate.compare.constraints] Detected removed index 'ix_invoices_uuid' on 'invoices'
INFO  [alembic.autogenerate.compare.constraints] Detected added index 'ix_leads_assigned_to' on '('assigned_to',)'
INFO  [alembic.autogenerate.compare.constraints] Detected added index 'ix_leads_created_at' on '('created_at',)'
INFO  [alembic.autogenerate.compare.constraints] Detected added index 'ix_leads_priority' on '('priority',)'
INFO  [alembic.autogenerate.compare.constraints] Detected added index 'ix_opportunities_created_at' on '('created_at',)'
INFO  [alembic.autogenerate.compare.constraints] Detected added index 'ix_opportunities_owner' on '('owner',)'
INFO  [alembic.autogenerate.compare.constraints] Detected added index 'ix_opportunities_pipeline' on '('pipeline',)'
INFO  [alembic.autogenerate.compare.constraints] Detected added index 'ix_opportunities_title' on '('title',)'
INFO  [alembic.autogenerate.compare.constraints] Detected removed index 'ix_order_attachments_id' on 'order_attachments'
INFO  [alembic.autogenerate.compare.constraints] Detected removed index 'ix_order_attachments_uuid' on 'order_attachments'
INFO  [alembic.autogenerate.compare.constraints] Detected removed index 'ix_order_history_id' on 'order_history'
INFO  [alembic.autogenerate.compare.constraints] Detected removed index 'ix_order_history_uuid' on 'order_history'
INFO  [alembic.autogenerate.compare.constraints] Detected removed index 'ix_order_items_id' on 'order_items'
INFO  [alembic.autogenerate.compare.constraints] Detected removed index 'ix_order_items_uuid' on 'order_items'
INFO  [alembic.autogenerate.compare.constraints] Detected removed index 'ix_order_notes_id' on 'order_notes'
INFO  [alembic.autogenerate.compare.constraints] Detected removed index 'ix_order_notes_uuid' on 'order_notes'
INFO  [alembic.autogenerate.compare.constraints] Detected removed index 'ix_order_timeline_id' on 'order_timeline'
INFO  [alembic.autogenerate.compare.constraints] Detected removed index 'ix_order_timeline_uuid' on 'order_timeline'
INFO  [alembic.autogenerate.compare.constraints] Detected removed index 'ix_organizations_id' on 'organizations'
INFO  [alembic.autogenerate.compare.constraints] Detected removed index 'ix_payments_id' on 'payments'
INFO  [alembic.autogenerate.compare.constraints] Detected removed index 'ix_payments_payment_number' on 'payments'
INFO  [alembic.autogenerate.compare.constraints] Detected removed index 'ix_payments_uuid' on 'payments'
INFO  [alembic.autogenerate.compare.constraints] Detected removed index 'ix_product_attributes_id' on 'product_attributes'
INFO  [alembic.autogenerate.compare.constraints] Detected removed index 'ix_product_attributes_uuid' on 'product_attributes'
INFO  [alembic.autogenerate.compare.constraints] Detected removed index 'ix_product_images_id' on 'product_images'
INFO  [alembic.autogenerate.compare.constraints] Detected removed index 'ix_product_images_uuid' on 'product_images'
INFO  [alembic.autogenerate.compare.constraints] Detected removed index 'ix_product_tags_id' on 'product_tags'
INFO  [alembic.autogenerate.compare.constraints] Detected removed index 'ix_product_tags_name' on 'product_tags'
INFO  [alembic.autogenerate.compare.constraints] Detected removed index 'ix_product_tags_slug' on 'product_tags'
INFO  [alembic.autogenerate.compare.constraints] Detected removed index 'ix_product_tags_uuid' on 'product_tags'
INFO  [alembic.autogenerate.compare.constraints] Detected removed index 'ix_product_variants_barcode' on 'product_variants'
INFO  [alembic.autogenerate.compare.constraints] Detected removed index 'ix_product_variants_id' on 'product_variants'
INFO  [alembic.autogenerate.compare.constraints] Detected removed index 'ix_product_variants_sku' on 'product_variants'
INFO  [alembic.autogenerate.compare.constraints] Detected removed index 'ix_product_variants_uuid' on 'product_variants'
INFO  [alembic.autogenerate.compare.constraints] Detected removed index 'ix_products_barcode' on 'products'
INFO  [alembic.autogenerate.compare.constraints] Detected removed index 'ix_products_id' on 'products'
INFO  [alembic.autogenerate.compare.constraints] Detected removed index 'ix_products_sku' on 'products'
INFO  [alembic.autogenerate.compare.constraints] Detected removed index 'ix_products_slug' on 'products'
INFO  [alembic.autogenerate.compare.constraints] Detected removed index 'ix_products_uuid' on 'products'
INFO  [alembic.autogenerate.compare.constraints] Detected removed index 'ix_quote_approvals_id' on 'quote_approvals'
INFO  [alembic.autogenerate.compare.constraints] Detected removed index 'ix_quote_approvals_uuid' on 'quote_approvals'
INFO  [alembic.autogenerate.compare.constraints] Detected removed index 'ix_quote_items_id' on 'quote_items'
INFO  [alembic.autogenerate.compare.constraints] Detected removed index 'ix_quote_items_uuid' on 'quote_items'
INFO  [alembic.autogenerate.compare.constraints] Detected removed index 'ix_quote_versions_id' on 'quote_versions'
INFO  [alembic.autogenerate.compare.constraints] Detected removed index 'ix_quote_versions_uuid' on 'quote_versions'
INFO  [alembic.autogenerate.compare.constraints] Detected removed index 'ix_quotes_id' on 'quotes'
INFO  [alembic.autogenerate.compare.constraints] Detected removed index 'ix_quotes_quote_number' on 'quotes'
INFO  [alembic.autogenerate.compare.constraints] Detected removed index 'ix_quotes_uuid' on 'quotes'
INFO  [alembic.autogenerate.compare.constraints] Detected removed index 'ix_sales_orders_id' on 'sales_orders'
INFO  [alembic.autogenerate.compare.constraints] Detected removed index 'ix_sales_orders_order_number' on 'sales_orders'
INFO  [alembic.autogenerate.compare.constraints] Detected removed index 'ix_sales_orders_uuid' on 'sales_orders'
INFO  [alembic.autogenerate.compare.constraints] Detected removed index 'ix_shipments_id' on 'shipments'
INFO  [alembic.autogenerate.compare.constraints] Detected removed index 'ix_shipments_shipment_number' on 'shipments'
INFO  [alembic.autogenerate.compare.constraints] Detected removed index 'ix_shipments_tracking_number' on 'shipments'
INFO  [alembic.autogenerate.compare.constraints] Detected removed index 'ix_shipments_uuid' on 'shipments'
INFO  [alembic.autogenerate.compare.constraints] Detected removed index 'ix_shipping_methods_id' on 'shipping_methods'
INFO  [alembic.autogenerate.compare.constraints] Detected removed index 'ix_shipping_methods_uuid' on 'shipping_methods'
INFO  [alembic.autogenerate.compare.constraints] Detected removed index 'ix_stock_adjustments_id' on 'stock_adjustments'
INFO  [alembic.autogenerate.compare.constraints] Detected removed index 'ix_stock_adjustments_uuid' on 'stock_adjustments'
INFO  [alembic.autogenerate.compare.constraints] Detected removed index 'ix_stock_movements_id' on 'stock_movements'
INFO  [alembic.autogenerate.compare.constraints] Detected removed index 'ix_stock_movements_uuid' on 'stock_movements'
INFO  [alembic.autogenerate.compare.constraints] Detected removed index 'ix_stock_transfers_approved_at' on 'stock_transfers'
INFO  [alembic.autogenerate.compare.constraints] Detected removed index 'ix_stock_transfers_id' on 'stock_transfers'
INFO  [alembic.autogenerate.compare.constraints] Detected removed index 'ix_stock_transfers_transfer_number' on 'stock_transfers'
INFO  [alembic.autogenerate.compare.constraints] Detected removed index 'ix_stock_transfers_uuid' on 'stock_transfers'
INFO  [alembic.autogenerate.compare.constraints] Detected removed index 'ix_suppliers_id' on 'suppliers'
INFO  [alembic.autogenerate.compare.constraints] Detected removed index 'ix_suppliers_uuid' on 'suppliers'
INFO  [alembic.autogenerate.compare.constraints] Detected removed index 'ix_taxes_id' on 'taxes'
INFO  [alembic.autogenerate.compare.constraints] Detected removed index 'ix_taxes_uuid' on 'taxes'
INFO  [alembic.autogenerate.compare.constraints] Detected removed index 'ix_units_code' on 'units'
INFO  [alembic.autogenerate.compare.constraints] Detected removed index 'ix_units_id' on 'units'
INFO  [alembic.autogenerate.compare.constraints] Detected removed index 'ix_units_name' on 'units'
INFO  [alembic.autogenerate.compare.constraints] Detected removed index 'ix_units_uuid' on 'units'
INFO  [alembic.autogenerate.compare.constraints] Detected removed index 'ix_users_id' on 'users'
INFO  [alembic.autogenerate.compare.tables] Detected removed column 'users.role'
INFO  [alembic.autogenerate.compare.constraints] Detected removed index 'ix_warehouses_code' on 'warehouses'
INFO  [alembic.autogenerate.compare.constraints] Detected removed index 'ix_warehouses_id' on 'warehouses'
INFO  [alembic.autogenerate.compare.constraints] Detected removed index 'ix_warehouses_uuid' on 'warehouses'
ERROR [alembic.util.messaging] New upgrade operations detected: [('add_table', Table('employees', MetaData(), Column('id', Integer(), table=<employees>, primary_key=True, nullable=False), Column('organization_id', Integer(), ForeignKey('organizations.id'), table=<employees>), Column('company_id', Integer(), ForeignKey('companies.id'), table=<employees>), Column('department_id', Integer(), ForeignKey('departments.id'), table=<employees>), Column('user_id', Integer(), ForeignKey('users.id'), table=<employees>), Column('first_name', String(length=100), table=<employees>, nullable=False), Column('last_name', String(length=100), table=<employees>), Column('email', String(length=255), table=<employees>), Column('phone', String(length=30), table=<employees>), Column('position', String(length=100), table=<employees>), Column('is_active', Boolean(), table=<employees>, default=ScalarElementColumnDefault(True)), Column('created_at', DateTime(timezone=True), table=<employees>, server_default=DefaultClause(<sqlalchemy.sql.functions.now at 0x10a6af750; now>, for_update=False)), Column('updated_at', DateTime(timezone=True), table=<employees>, onupdate=ColumnElementColumnDefault(<sqlalchemy.sql.functions.now at 0x10a697020; now>), server_default=DefaultClause(<sqlalchemy.sql.functions.now at 0x10a696d50; now>, for_update=False)), schema=None)), ('add_index', Index('ix_employees_company_id', Column('company_id', Integer(), table=<employees>))), ('add_index', Index('ix_employees_department_id', Column('department_id', Integer(), table=<employees>))), ('add_index', Index('ix_employees_email', Column('email', String(length=255), table=<employees>), unique=True)), ('add_index', Index('ix_employees_organization_id', Column('organization_id', Integer(), table=<employees>))), ('add_index', Index('ix_employees_user_id', Column('user_id', Integer(), table=<employees>))), ('remove_index', Index('ix_activities_activity_at', Column('activity_at', TIMESTAMP(timezone=True), table=<activities>, nullable=False))), ('add_index', Index('ix_activities_activity_type', Column('activity_type', String(length=50), table=<activities>, nullable=False))), ('add_index', Index('ix_activities_contact_id', Column('contact_id', Integer(), table=<activities>))), ('add_index', Index('ix_activities_created_at', Column('created_at', DateTime(timezone=True), table=<activities>, server_default=DefaultClause(<sqlalchemy.sql.functions.now at 0x10a6f2cf0; now>, for_update=False)))), ('add_index', Index('ix_activities_opportunity_id', Column('opportunity_id', Integer(), table=<activities>))), ('add_index', Index('ix_activities_organization_id', Column('organization_id', Integer(), table=<activities>, nullable=False))), ('add_index', Index('ix_activities_owner', Column('owner', Integer(), table=<activities>))), ('remove_index', Index('ix_attribute_values_id', Column('id', INTEGER(), table=<attribute_values>, primary_key=True, nullable=False))), ('remove_index', Index('ix_attribute_values_uuid', Column('uuid', VARCHAR(length=36), table=<attribute_values>, nullable=False), unique=True)), ('remove_index', Index('ix_auth_tokens_id', Column('id', INTEGER(), table=<auth_tokens>, primary_key=True, nullable=False))), ('remove_index', Index('ix_brands_id', Column('id', INTEGER(), table=<brands>, primary_key=True, nullable=False))), ('remove_index', Index('ix_brands_name', Column('name', VARCHAR(length=150), table=<brands>, nullable=False), unique=True)), ('remove_index', Index('ix_brands_uuid', Column('uuid', VARCHAR(length=36), table=<brands>, nullable=False), unique=True)), ('remove_index', Index('ix_categories_id', Column('id', INTEGER(), table=<categories>, primary_key=True, nullable=False))), ('remove_index', Index('ix_categories_slug', Column('slug', VARCHAR(length=180), table=<categories>, nullable=False), unique=True)), ('remove_index', Index('ix_categories_uuid', Column('uuid', VARCHAR(length=36), table=<categories>, nullable=False), unique=True)), ('add_column', None, 'companies', Column('organization_id', Integer(), ForeignKey('organizations.id'), table=<companies>)), ('remove_index', Index('ix_companies_id', Column('id', INTEGER(), table=<companies>, primary_key=True, nullable=False))), ('add_index', Index('ix_companies_organization_id', Column('organization_id', Integer(), table=<companies>))), ('add_fk', ForeignKeyConstraint(<sqlalchemy.sql.base.ReadOnlyColumnCollection object at 0x10a181120>, None, table=Table('companies', MetaData(), Column('organization_id', NullType(), ForeignKey('organizations.id'), table=<companies>), schema=None))), ('add_index', Index('ix_contacts_created_at', Column('created_at', DateTime(timezone=True), table=<contacts>, server_default=DefaultClause(<sqlalchemy.sql.functions.now at 0x10a6f2cf0; now>, for_update=False)))), ('add_index', Index('ix_contacts_first_name', Column('first_name', String(length=100), table=<contacts>, nullable=False))), ('add_index', Index('ix_contacts_last_name', Column('last_name', String(length=100), table=<contacts>, nullable=False))), ('add_index', Index('ix_crm_tasks_contact_id', Column('contact_id', Integer(), table=<crm_tasks>))), ('add_index', Index('ix_crm_tasks_created_at', Column('created_at', DateTime(timezone=True), table=<crm_tasks>, server_default=DefaultClause(<sqlalchemy.sql.functions.now at 0x10a6f2cf0; now>, for_update=False)))), ('add_index', Index('ix_crm_tasks_lead_id', Column('lead_id', Integer(), table=<crm_tasks>))), ('add_index', Index('ix_crm_tasks_opportunity_id', Column('opportunity_id', Integer(), table=<crm_tasks>))), ('add_index', Index('ix_crm_tasks_organization_id', Column('organization_id', Integer(), table=<crm_tasks>, nullable=False))), ('add_index', Index('ix_crm_tasks_priority', Column('priority', String(length=50), table=<crm_tasks>, nullable=False, default=ScalarElementColumnDefault('medium')))), ('add_index', Index('ix_crm_tasks_title', Column('title', String(length=200), table=<crm_tasks>, nullable=False))), ('add_index', Index('ix_customers_assigned_to', Column('assigned_to', Integer(), table=<customers>))), ('add_index', Index('ix_customers_created_at', Column('created_at', DateTime(timezone=True), table=<customers>, server_default=DefaultClause(<sqlalchemy.sql.functions.now at 0x10a6f2cf0; now>, for_update=False)))), ('add_index', Index('ix_customers_first_name', Column('first_name', String(length=100), table=<customers>, nullable=False))), ('add_index', Index('ix_customers_last_name', Column('last_name', String(length=100), table=<customers>, nullable=False))), ('add_index', Index('ix_customers_mobile', Column('mobile', String(length=50), table=<customers>))), ('add_column', None, 'departments', Column('organization_id', Integer(), ForeignKey('organizations.id'), table=<departments>)), ('add_column', None, 'departments', Column('company_id', Integer(), ForeignKey('companies.id'), table=<departments>)), ('add_index', Index('ix_departments_company_id', Column('company_id', Integer(), table=<departments>))), ('add_index', Index('ix_departments_organization_id', Column('organization_id', Integer(), table=<departments>))), ('add_fk', ForeignKeyConstraint(<sqlalchemy.sql.base.ReadOnlyColumnCollection object at 0x110288540>, None, table=Table('departments', MetaData(), Column('company_id', NullType(), ForeignKey('companies.id'), table=<departments>), schema=None))), ('add_fk', ForeignKeyConstraint(<sqlalchemy.sql.base.ReadOnlyColumnCollection object at 0x110288590>, None, table=Table('departments', MetaData(), Column('organization_id', NullType(), ForeignKey('organizations.id'), table=<departments>), schema=None))), ('remove_index', Index('ix_discounts_code', Column('code', VARCHAR(length=80), table=<discounts>), unique=True)), ('remove_index', Index('ix_discounts_id', Column('id', INTEGER(), table=<discounts>, primary_key=True, nullable=False))), ('remove_index', Index('ix_discounts_uuid', Column('uuid', VARCHAR(length=36), table=<discounts>, nullable=False), unique=True)), ('add_index', Index('ix_discounts_ends_at', Column('ends_at', DateTime(timezone=True), table=<discounts>))), ('add_index', Index('ix_discounts_starts_at', Column('starts_at', DateTime(timezone=True), table=<discounts>))), ('remove_index', Index('ix_inventory_id', Column('id', INTEGER(), table=<inventory>, primary_key=True, nullable=False))), ('remove_index', Index('ix_inventory_uuid', Column('uuid', VARCHAR(length=36), table=<inventory>, nullable=False), unique=True)), ('remove_index', Index('ix_invoice_items_id', Column('id', INTEGER(), table=<invoice_items>, primary_key=True, nullable=False))), ('remove_index', Index('ix_invoice_items_uuid', Column('uuid', VARCHAR(length=36), table=<invoice_items>, nullable=False), unique=True)), ('remove_index', Index('ix_invoice_payments_id', Column('id', INTEGER(), table=<invoice_payments>, primary_key=True, nullable=False))), ('remove_index', Index('ix_invoice_payments_uuid', Column('uuid', VARCHAR(length=36), table=<invoice_payments>, nullable=False), unique=True)), ('remove_index', Index('ix_invoices_id', Column('id', INTEGER(), table=<invoices>, primary_key=True, nullable=False))), ('remove_index', Index('ix_invoices_invoice_number', Column('invoice_number', VARCHAR(length=80), table=<invoices>, nullable=False), unique=True)), ('remove_index', Index('ix_invoices_uuid', Column('uuid', VARCHAR(length=36), table=<invoices>, nullable=False), unique=True)), ('add_index', Index('ix_leads_assigned_to', Column('assigned_to', Integer(), table=<leads>))), ('add_index', Index('ix_leads_created_at', Column('created_at', DateTime(timezone=True), table=<leads>, server_default=DefaultClause(<sqlalchemy.sql.functions.now at 0x10a6f2cf0; now>, for_update=False)))), ('add_index', Index('ix_leads_priority', Column('priority', String(length=50), table=<leads>, nullable=False, default=ScalarElementColumnDefault('medium')))), ('add_index', Index('ix_opportunities_created_at', Column('created_at', DateTime(timezone=True), table=<opportunities>, server_default=DefaultClause(<sqlalchemy.sql.functions.now at 0x10a6f2cf0; now>, for_update=False)))), ('add_index', Index('ix_opportunities_owner', Column('owner', Integer(), table=<opportunities>))), ('add_index', Index('ix_opportunities_pipeline', Column('pipeline', String(length=100), table=<opportunities>, nullable=False, default=ScalarElementColumnDefault('default')))), ('add_index', Index('ix_opportunities_title', Column('title', String(length=200), table=<opportunities>, nullable=False))), ('remove_index', Index('ix_order_attachments_id', Column('id', INTEGER(), table=<order_attachments>, primary_key=True, nullable=False))), ('remove_index', Index('ix_order_attachments_uuid', Column('uuid', VARCHAR(length=36), table=<order_attachments>, nullable=False), unique=True)), ('remove_index', Index('ix_order_history_id', Column('id', INTEGER(), table=<order_history>, primary_key=True, nullable=False))), ('remove_index', Index('ix_order_history_uuid', Column('uuid', VARCHAR(length=36), table=<order_history>, nullable=False), unique=True)), ('remove_index', Index('ix_order_items_id', Column('id', INTEGER(), table=<order_items>, primary_key=True, nullable=False))), ('remove_index', Index('ix_order_items_uuid', Column('uuid', VARCHAR(length=36), table=<order_items>, nullable=False), unique=True)), ('remove_index', Index('ix_order_notes_id', Column('id', INTEGER(), table=<order_notes>, primary_key=True, nullable=False))), ('remove_index', Index('ix_order_notes_uuid', Column('uuid', VARCHAR(length=36), table=<order_notes>, nullable=False), unique=True)), ('remove_index', Index('ix_order_timeline_id', Column('id', INTEGER(), table=<order_timeline>, primary_key=True, nullable=False))), ('remove_index', Index('ix_order_timeline_uuid', Column('uuid', VARCHAR(length=36), table=<order_timeline>, nullable=False), unique=True)), ('remove_index', Index('ix_organizations_id', Column('id', INTEGER(), table=<organizations>, primary_key=True, nullable=False))), ('remove_index', Index('ix_payments_id', Column('id', INTEGER(), table=<payments>, primary_key=True, nullable=False))), ('remove_index', Index('ix_payments_payment_number', Column('payment_number', VARCHAR(length=80), table=<payments>, nullable=False), unique=True)), ('remove_index', Index('ix_payments_uuid', Column('uuid', VARCHAR(length=36), table=<payments>, nullable=False), unique=True)), ('remove_index', Index('ix_product_attributes_id', Column('id', INTEGER(), table=<product_attributes>, primary_key=True, nullable=False))), ('remove_index', Index('ix_product_attributes_uuid', Column('uuid', VARCHAR(length=36), table=<product_attributes>, nullable=False), unique=True)), ('remove_index', Index('ix_product_images_id', Column('id', INTEGER(), table=<product_images>, primary_key=True, nullable=False))), ('remove_index', Index('ix_product_images_uuid', Column('uuid', VARCHAR(length=36), table=<product_images>, nullable=False), unique=True)), ('remove_index', Index('ix_product_tags_id', Column('id', INTEGER(), table=<product_tags>, primary_key=True, nullable=False))), ('remove_index', Index('ix_product_tags_name', Column('name', VARCHAR(length=100), table=<product_tags>, nullable=False), unique=True)), ('remove_index', Index('ix_product_tags_slug', Column('slug', VARCHAR(length=130), table=<product_tags>, nullable=False), unique=True)), ('remove_index', Index('ix_product_tags_uuid', Column('uuid', VARCHAR(length=36), table=<product_tags>, nullable=False), unique=True)), ('remove_index', Index('ix_product_variants_barcode', Column('barcode', VARCHAR(length=120), table=<product_variants>, nullable=False), unique=True)), ('remove_index', Index('ix_product_variants_id', Column('id', INTEGER(), table=<product_variants>, primary_key=True, nullable=False))), ('remove_index', Index('ix_product_variants_sku', Column('sku', VARCHAR(length=80), table=<product_variants>, nullable=False), unique=True)), ('remove_index', Index('ix_product_variants_uuid', Column('uuid', VARCHAR(length=36), table=<product_variants>, nullable=False), unique=True)), ('remove_index', Index('ix_products_barcode', Column('barcode', VARCHAR(length=120), table=<products>, nullable=False), unique=True)), ('remove_index', Index('ix_products_id', Column('id', INTEGER(), table=<products>, primary_key=True, nullable=False))), ('remove_index', Index('ix_products_sku', Column('sku', VARCHAR(length=80), table=<products>, nullable=False), unique=True)), ('remove_index', Index('ix_products_slug', Column('slug', VARCHAR(length=240), table=<products>, nullable=False), unique=True)), ('remove_index', Index('ix_products_uuid', Column('uuid', VARCHAR(length=36), table=<products>, nullable=False), unique=True)), ('remove_index', Index('ix_quote_approvals_id', Column('id', INTEGER(), table=<quote_approvals>, primary_key=True, nullable=False))), ('remove_index', Index('ix_quote_approvals_uuid', Column('uuid', VARCHAR(length=36), table=<quote_approvals>, nullable=False), unique=True)), ('remove_index', Index('ix_quote_items_id', Column('id', INTEGER(), table=<quote_items>, primary_key=True, nullable=False))), ('remove_index', Index('ix_quote_items_uuid', Column('uuid', VARCHAR(length=36), table=<quote_items>, nullable=False), unique=True)), ('remove_index', Index('ix_quote_versions_id', Column('id', INTEGER(), table=<quote_versions>, primary_key=True, nullable=False))), ('remove_index', Index('ix_quote_versions_uuid', Column('uuid', VARCHAR(length=36), table=<quote_versions>, nullable=False), unique=True)), ('remove_index', Index('ix_quotes_id', Column('id', INTEGER(), table=<quotes>, primary_key=True, nullable=False))), ('remove_index', Index('ix_quotes_quote_number', Column('quote_number', VARCHAR(length=80), table=<quotes>, nullable=False), unique=True)), ('remove_index', Index('ix_quotes_uuid', Column('uuid', VARCHAR(length=36), table=<quotes>, nullable=False), unique=True)), ('remove_index', Index('ix_sales_orders_id', Column('id', INTEGER(), table=<sales_orders>, primary_key=True, nullable=False))), ('remove_index', Index('ix_sales_orders_order_number', Column('order_number', VARCHAR(length=80), table=<sales_orders>, nullable=False), unique=True)), ('remove_index', Index('ix_sales_orders_uuid', Column('uuid', VARCHAR(length=36), table=<sales_orders>, nullable=False), unique=True)), ('remove_index', Index('ix_shipments_id', Column('id', INTEGER(), table=<shipments>, primary_key=True, nullable=False))), ('remove_index', Index('ix_shipments_shipment_number', Column('shipment_number', VARCHAR(length=80), table=<shipments>, nullable=False), unique=True)), ('remove_index', Index('ix_shipments_tracking_number', Column('tracking_number', VARCHAR(length=180), table=<shipments>), unique=True)), ('remove_index', Index('ix_shipments_uuid', Column('uuid', VARCHAR(length=36), table=<shipments>, nullable=False), unique=True)), ('remove_index', Index('ix_shipping_methods_id', Column('id', INTEGER(), table=<shipping_methods>, primary_key=True, nullable=False))), ('remove_index', Index('ix_shipping_methods_uuid', Column('uuid', VARCHAR(length=36), table=<shipping_methods>, nullable=False), unique=True)), ('remove_index', Index('ix_stock_adjustments_id', Column('id', INTEGER(), table=<stock_adjustments>, primary_key=True, nullable=False))), ('remove_index', Index('ix_stock_adjustments_uuid', Column('uuid', VARCHAR(length=36), table=<stock_adjustments>, nullable=False), unique=True)), ('remove_index', Index('ix_stock_movements_id', Column('id', INTEGER(), table=<stock_movements>, primary_key=True, nullable=False))), ('remove_index', Index('ix_stock_movements_uuid', Column('uuid', VARCHAR(length=36), table=<stock_movements>, nullable=False), unique=True)), ('remove_index', Index('ix_stock_transfers_approved_at', Column('approved_at', TIMESTAMP(timezone=True), table=<stock_transfers>))), ('remove_index', Index('ix_stock_transfers_id', Column('id', INTEGER(), table=<stock_transfers>, primary_key=True, nullable=False))), ('remove_index', Index('ix_stock_transfers_transfer_number', Column('transfer_number', VARCHAR(length=80), table=<stock_transfers>, nullable=False), unique=True)), ('remove_index', Index('ix_stock_transfers_uuid', Column('uuid', VARCHAR(length=36), table=<stock_transfers>, nullable=False), unique=True)), ('remove_index', Index('ix_suppliers_id', Column('id', INTEGER(), table=<suppliers>, primary_key=True, nullable=False))), ('remove_index', Index('ix_suppliers_uuid', Column('uuid', VARCHAR(length=36), table=<suppliers>, nullable=False), unique=True)), ('remove_index', Index('ix_taxes_id', Column('id', INTEGER(), table=<taxes>, primary_key=True, nullable=False))), ('remove_index', Index('ix_taxes_uuid', Column('uuid', VARCHAR(length=36), table=<taxes>, nullable=False), unique=True)), ('remove_index', Index('ix_units_code', Column('code', VARCHAR(length=30), table=<units>, nullable=False), unique=True)), ('remove_index', Index('ix_units_id', Column('id', INTEGER(), table=<units>, primary_key=True, nullable=False))), ('remove_index', Index('ix_units_name', Column('name', VARCHAR(length=100), table=<units>, nullable=False), unique=True)), ('remove_index', Index('ix_units_uuid', Column('uuid', VARCHAR(length=36), table=<units>, nullable=False), unique=True)), ('remove_index', Index('ix_users_id', Column('id', INTEGER(), table=<users>, primary_key=True, nullable=False))), ('remove_column', None, 'users', Column('role', VARCHAR(), table=<users>)), ('remove_index', Index('ix_warehouses_code', Column('code', VARCHAR(length=50), table=<warehouses>, nullable=False), unique=True)), ('remove_index', Index('ix_warehouses_id', Column('id', INTEGER(), table=<warehouses>, primary_key=True, nullable=False))), ('remove_index', Index('ix_warehouses_uuid', Column('uuid', VARCHAR(length=36), table=<warehouses>, nullable=False), unique=True))]
FAILED: New upgrade operations detected: [('add_table', Table('employees', MetaData(), Column('id', Integer(), table=<employees>, primary_key=True, nullable=False), Column('organization_id', Integer(), ForeignKey('organizations.id'), table=<employees>), Column('company_id', Integer(), ForeignKey('companies.id'), table=<employees>), Column('department_id', Integer(), ForeignKey('departments.id'), table=<employees>), Column('user_id', Integer(), ForeignKey('users.id'), table=<employees>), Column('first_name', String(length=100), table=<employees>, nullable=False), Column('last_name', String(length=100), table=<employees>), Column('email', String(length=255), table=<employees>), Column('phone', String(length=30), table=<employees>), Column('position', String(length=100), table=<employees>), Column('is_active', Boolean(), table=<employees>, default=ScalarElementColumnDefault(True)), Column('created_at', DateTime(timezone=True), table=<employees>, server_default=DefaultClause(<sqlalchemy.sql.functions.now at 0x10a6af750; now>, for_update=False)), Column('updated_at', DateTime(timezone=True), table=<employees>, onupdate=ColumnElementColumnDefault(<sqlalchemy.sql.functions.now at 0x10a697020; now>), server_default=DefaultClause(<sqlalchemy.sql.functions.now at 0x10a696d50; now>, for_update=False)), schema=None)), ('add_index', Index('ix_employees_company_id', Column('company_id', Integer(), table=<employees>))), ('add_index', Index('ix_employees_department_id', Column('department_id', Integer(), table=<employees>))), ('add_index', Index('ix_employees_email', Column('email', String(length=255), table=<employees>), unique=True)), ('add_index', Index('ix_employees_organization_id', Column('organization_id', Integer(), table=<employees>))), ('add_index', Index('ix_employees_user_id', Column('user_id', Integer(), table=<employees>))), ('remove_index', Index('ix_activities_activity_at', Column('activity_at', TIMESTAMP(timezone=True), table=<activities>, nullable=False))), ('add_index', Index('ix_activities_activity_type', Column('activity_type', String(length=50), table=<activities>, nullable=False))), ('add_index', Index('ix_activities_contact_id', Column('contact_id', Integer(), table=<activities>))), ('add_index', Index('ix_activities_created_at', Column('created_at', DateTime(timezone=True), table=<activities>, server_default=DefaultClause(<sqlalchemy.sql.functions.now at 0x10a6f2cf0; now>, for_update=False)))), ('add_index', Index('ix_activities_opportunity_id', Column('opportunity_id', Integer(), table=<activities>))), ('add_index', Index('ix_activities_organization_id', Column('organization_id', Integer(), table=<activities>, nullable=False))), ('add_index', Index('ix_activities_owner', Column('owner', Integer(), table=<activities>))), ('remove_index', Index('ix_attribute_values_id', Column('id', INTEGER(), table=<attribute_values>, primary_key=True, nullable=False))), ('remove_index', Index('ix_attribute_values_uuid', Column('uuid', VARCHAR(length=36), table=<attribute_values>, nullable=False), unique=True)), ('remove_index', Index('ix_auth_tokens_id', Column('id', INTEGER(), table=<auth_tokens>, primary_key=True, nullable=False))), ('remove_index', Index('ix_brands_id', Column('id', INTEGER(), table=<brands>, primary_key=True, nullable=False))), ('remove_index', Index('ix_brands_name', Column('name', VARCHAR(length=150), table=<brands>, nullable=False), unique=True)), ('remove_index', Index('ix_brands_uuid', Column('uuid', VARCHAR(length=36), table=<brands>, nullable=False), unique=True)), ('remove_index', Index('ix_categories_id', Column('id', INTEGER(), table=<categories>, primary_key=True, nullable=False))), ('remove_index', Index('ix_categories_slug', Column('slug', VARCHAR(length=180), table=<categories>, nullable=False), unique=True)), ('remove_index', Index('ix_categories_uuid', Column('uuid', VARCHAR(length=36), table=<categories>, nullable=False), unique=True)), ('add_column', None, 'companies', Column('organization_id', Integer(), ForeignKey('organizations.id'), table=<companies>)), ('remove_index', Index('ix_companies_id', Column('id', INTEGER(), table=<companies>, primary_key=True, nullable=False))), ('add_index', Index('ix_companies_organization_id', Column('organization_id', Integer(), table=<companies>))), ('add_fk', ForeignKeyConstraint(<sqlalchemy.sql.base.ReadOnlyColumnCollection object at 0x10a181120>, None, table=Table('companies', MetaData(), Column('organization_id', NullType(), ForeignKey('organizations.id'), table=<companies>), schema=None))), ('add_index', Index('ix_contacts_created_at', Column('created_at', DateTime(timezone=True), table=<contacts>, server_default=DefaultClause(<sqlalchemy.sql.functions.now at 0x10a6f2cf0; now>, for_update=False)))), ('add_index', Index('ix_contacts_first_name', Column('first_name', String(length=100), table=<contacts>, nullable=False))), ('add_index', Index('ix_contacts_last_name', Column('last_name', String(length=100), table=<contacts>, nullable=False))), ('add_index', Index('ix_crm_tasks_contact_id', Column('contact_id', Integer(), table=<crm_tasks>))), ('add_index', Index('ix_crm_tasks_created_at', Column('created_at', DateTime(timezone=True), table=<crm_tasks>, server_default=DefaultClause(<sqlalchemy.sql.functions.now at 0x10a6f2cf0; now>, for_update=False)))), ('add_index', Index('ix_crm_tasks_lead_id', Column('lead_id', Integer(), table=<crm_tasks>))), ('add_index', Index('ix_crm_tasks_opportunity_id', Column('opportunity_id', Integer(), table=<crm_tasks>))), ('add_index', Index('ix_crm_tasks_organization_id', Column('organization_id', Integer(), table=<crm_tasks>, nullable=False))), ('add_index', Index('ix_crm_tasks_priority', Column('priority', String(length=50), table=<crm_tasks>, nullable=False, default=ScalarElementColumnDefault('medium')))), ('add_index', Index('ix_crm_tasks_title', Column('title', String(length=200), table=<crm_tasks>, nullable=False))), ('add_index', Index('ix_customers_assigned_to', Column('assigned_to', Integer(), table=<customers>))), ('add_index', Index('ix_customers_created_at', Column('created_at', DateTime(timezone=True), table=<customers>, server_default=DefaultClause(<sqlalchemy.sql.functions.now at 0x10a6f2cf0; now>, for_update=False)))), ('add_index', Index('ix_customers_first_name', Column('first_name', String(length=100), table=<customers>, nullable=False))), ('add_index', Index('ix_customers_last_name', Column('last_name', String(length=100), table=<customers>, nullable=False))), ('add_index', Index('ix_customers_mobile', Column('mobile', String(length=50), table=<customers>))), ('add_column', None, 'departments', Column('organization_id', Integer(), ForeignKey('organizations.id'), table=<departments>)), ('add_column', None, 'departments', Column('company_id', Integer(), ForeignKey('companies.id'), table=<departments>)), ('add_index', Index('ix_departments_company_id', Column('company_id', Integer(), table=<departments>))), ('add_index', Index('ix_departments_organization_id', Column('organization_id', Integer(), table=<departments>))), ('add_fk', ForeignKeyConstraint(<sqlalchemy.sql.base.ReadOnlyColumnCollection object at 0x110288540>, None, table=Table('departments', MetaData(), Column('company_id', NullType(), ForeignKey('companies.id'), table=<departments>), schema=None))), ('add_fk', ForeignKeyConstraint(<sqlalchemy.sql.base.ReadOnlyColumnCollection object at 0x110288590>, None, table=Table('departments', MetaData(), Column('organization_id', NullType(), ForeignKey('organizations.id'), table=<departments>), schema=None))), ('remove_index', Index('ix_discounts_code', Column('code', VARCHAR(length=80), table=<discounts>), unique=True)), ('remove_index', Index('ix_discounts_id', Column('id', INTEGER(), table=<discounts>, primary_key=True, nullable=False))), ('remove_index', Index('ix_discounts_uuid', Column('uuid', VARCHAR(length=36), table=<discounts>, nullable=False), unique=True)), ('add_index', Index('ix_discounts_ends_at', Column('ends_at', DateTime(timezone=True), table=<discounts>))), ('add_index', Index('ix_discounts_starts_at', Column('starts_at', DateTime(timezone=True), table=<discounts>))), ('remove_index', Index('ix_inventory_id', Column('id', INTEGER(), table=<inventory>, primary_key=True, nullable=False))), ('remove_index', Index('ix_inventory_uuid', Column('uuid', VARCHAR(length=36), table=<inventory>, nullable=False), unique=True)), ('remove_index', Index('ix_invoice_items_id', Column('id', INTEGER(), table=<invoice_items>, primary_key=True, nullable=False))), ('remove_index', Index('ix_invoice_items_uuid', Column('uuid', VARCHAR(length=36), table=<invoice_items>, nullable=False), unique=True)), ('remove_index', Index('ix_invoice_payments_id', Column('id', INTEGER(), table=<invoice_payments>, primary_key=True, nullable=False))), ('remove_index', Index('ix_invoice_payments_uuid', Column('uuid', VARCHAR(length=36), table=<invoice_payments>, nullable=False), unique=True)), ('remove_index', Index('ix_invoices_id', Column('id', INTEGER(), table=<invoices>, primary_key=True, nullable=False))), ('remove_index', Index('ix_invoices_invoice_number', Column('invoice_number', VARCHAR(length=80), table=<invoices>, nullable=False), unique=True)), ('remove_index', Index('ix_invoices_uuid', Column('uuid', VARCHAR(length=36), table=<invoices>, nullable=False), unique=True)), ('add_index', Index('ix_leads_assigned_to', Column('assigned_to', Integer(), table=<leads>))), ('add_index', Index('ix_leads_created_at', Column('created_at', DateTime(timezone=True), table=<leads>, server_default=DefaultClause(<sqlalchemy.sql.functions.now at 0x10a6f2cf0; now>, for_update=False)))), ('add_index', Index('ix_leads_priority', Column('priority', String(length=50), table=<leads>, nullable=False, default=ScalarElementColumnDefault('medium')))), ('add_index', Index('ix_opportunities_created_at', Column('created_at', DateTime(timezone=True), table=<opportunities>, server_default=DefaultClause(<sqlalchemy.sql.functions.now at 0x10a6f2cf0; now>, for_update=False)))), ('add_index', Index('ix_opportunities_owner', Column('owner', Integer(), table=<opportunities>))), ('add_index', Index('ix_opportunities_pipeline', Column('pipeline', String(length=100), table=<opportunities>, nullable=False, default=ScalarElementColumnDefault('default')))), ('add_index', Index('ix_opportunities_title', Column('title', String(length=200), table=<opportunities>, nullable=False))), ('remove_index', Index('ix_order_attachments_id', Column('id', INTEGER(), table=<order_attachments>, primary_key=True, nullable=False))), ('remove_index', Index('ix_order_attachments_uuid', Column('uuid', VARCHAR(length=36), table=<order_attachments>, nullable=False), unique=True)), ('remove_index', Index('ix_order_history_id', Column('id', INTEGER(), table=<order_history>, primary_key=True, nullable=False))), ('remove_index', Index('ix_order_history_uuid', Column('uuid', VARCHAR(length=36), table=<order_history>, nullable=False), unique=True)), ('remove_index', Index('ix_order_items_id', Column('id', INTEGER(), table=<order_items>, primary_key=True, nullable=False))), ('remove_index', Index('ix_order_items_uuid', Column('uuid', VARCHAR(length=36), table=<order_items>, nullable=False), unique=True)), ('remove_index', Index('ix_order_notes_id', Column('id', INTEGER(), table=<order_notes>, primary_key=True, nullable=False))), ('remove_index', Index('ix_order_notes_uuid', Column('uuid', VARCHAR(length=36), table=<order_notes>, nullable=False), unique=True)), ('remove_index', Index('ix_order_timeline_id', Column('id', INTEGER(), table=<order_timeline>, primary_key=True, nullable=False))), ('remove_index', Index('ix_order_timeline_uuid', Column('uuid', VARCHAR(length=36), table=<order_timeline>, nullable=False), unique=True)), ('remove_index', Index('ix_organizations_id', Column('id', INTEGER(), table=<organizations>, primary_key=True, nullable=False))), ('remove_index', Index('ix_payments_id', Column('id', INTEGER(), table=<payments>, primary_key=True, nullable=False))), ('remove_index', Index('ix_payments_payment_number', Column('payment_number', VARCHAR(length=80), table=<payments>, nullable=False), unique=True)), ('remove_index', Index('ix_payments_uuid', Column('uuid', VARCHAR(length=36), table=<payments>, nullable=False), unique=True)), ('remove_index', Index('ix_product_attributes_id', Column('id', INTEGER(), table=<product_attributes>, primary_key=True, nullable=False))), ('remove_index', Index('ix_product_attributes_uuid', Column('uuid', VARCHAR(length=36), table=<product_attributes>, nullable=False), unique=True)), ('remove_index', Index('ix_product_images_id', Column('id', INTEGER(), table=<product_images>, primary_key=True, nullable=False))), ('remove_index', Index('ix_product_images_uuid', Column('uuid', VARCHAR(length=36), table=<product_images>, nullable=False), unique=True)), ('remove_index', Index('ix_product_tags_id', Column('id', INTEGER(), table=<product_tags>, primary_key=True, nullable=False))), ('remove_index', Index('ix_product_tags_name', Column('name', VARCHAR(length=100), table=<product_tags>, nullable=False), unique=True)), ('remove_index', Index('ix_product_tags_slug', Column('slug', VARCHAR(length=130), table=<product_tags>, nullable=False), unique=True)), ('remove_index', Index('ix_product_tags_uuid', Column('uuid', VARCHAR(length=36), table=<product_tags>, nullable=False), unique=True)), ('remove_index', Index('ix_product_variants_barcode', Column('barcode', VARCHAR(length=120), table=<product_variants>, nullable=False), unique=True)), ('remove_index', Index('ix_product_variants_id', Column('id', INTEGER(), table=<product_variants>, primary_key=True, nullable=False))), ('remove_index', Index('ix_product_variants_sku', Column('sku', VARCHAR(length=80), table=<product_variants>, nullable=False), unique=True)), ('remove_index', Index('ix_product_variants_uuid', Column('uuid', VARCHAR(length=36), table=<product_variants>, nullable=False), unique=True)), ('remove_index', Index('ix_products_barcode', Column('barcode', VARCHAR(length=120), table=<products>, nullable=False), unique=True)), ('remove_index', Index('ix_products_id', Column('id', INTEGER(), table=<products>, primary_key=True, nullable=False))), ('remove_index', Index('ix_products_sku', Column('sku', VARCHAR(length=80), table=<products>, nullable=False), unique=True)), ('remove_index', Index('ix_products_slug', Column('slug', VARCHAR(length=240), table=<products>, nullable=False), unique=True)), ('remove_index', Index('ix_products_uuid', Column('uuid', VARCHAR(length=36), table=<products>, nullable=False), unique=True)), ('remove_index', Index('ix_quote_approvals_id', Column('id', INTEGER(), table=<quote_approvals>, primary_key=True, nullable=False))), ('remove_index', Index('ix_quote_approvals_uuid', Column('uuid', VARCHAR(length=36), table=<quote_approvals>, nullable=False), unique=True)), ('remove_index', Index('ix_quote_items_id', Column('id', INTEGER(), table=<quote_items>, primary_key=True, nullable=False))), ('remove_index', Index('ix_quote_items_uuid', Column('uuid', VARCHAR(length=36), table=<quote_items>, nullable=False), unique=True)), ('remove_index', Index('ix_quote_versions_id', Column('id', INTEGER(), table=<quote_versions>, primary_key=True, nullable=False))), ('remove_index', Index('ix_quote_versions_uuid', Column('uuid', VARCHAR(length=36), table=<quote_versions>, nullable=False), unique=True)), ('remove_index', Index('ix_quotes_id', Column('id', INTEGER(), table=<quotes>, primary_key=True, nullable=False))), ('remove_index', Index('ix_quotes_quote_number', Column('quote_number', VARCHAR(length=80), table=<quotes>, nullable=False), unique=True)), ('remove_index', Index('ix_quotes_uuid', Column('uuid', VARCHAR(length=36), table=<quotes>, nullable=False), unique=True)), ('remove_index', Index('ix_sales_orders_id', Column('id', INTEGER(), table=<sales_orders>, primary_key=True, nullable=False))), ('remove_index', Index('ix_sales_orders_order_number', Column('order_number', VARCHAR(length=80), table=<sales_orders>, nullable=False), unique=True)), ('remove_index', Index('ix_sales_orders_uuid', Column('uuid', VARCHAR(length=36), table=<sales_orders>, nullable=False), unique=True)), ('remove_index', Index('ix_shipments_id', Column('id', INTEGER(), table=<shipments>, primary_key=True, nullable=False))), ('remove_index', Index('ix_shipments_shipment_number', Column('shipment_number', VARCHAR(length=80), table=<shipments>, nullable=False), unique=True)), ('remove_index', Index('ix_shipments_tracking_number', Column('tracking_number', VARCHAR(length=180), table=<shipments>), unique=True)), ('remove_index', Index('ix_shipments_uuid', Column('uuid', VARCHAR(length=36), table=<shipments>, nullable=False), unique=True)), ('remove_index', Index('ix_shipping_methods_id', Column('id', INTEGER(), table=<shipping_methods>, primary_key=True, nullable=False))), ('remove_index', Index('ix_shipping_methods_uuid', Column('uuid', VARCHAR(length=36), table=<shipping_methods>, nullable=False), unique=True)), ('remove_index', Index('ix_stock_adjustments_id', Column('id', INTEGER(), table=<stock_adjustments>, primary_key=True, nullable=False))), ('remove_index', Index('ix_stock_adjustments_uuid', Column('uuid', VARCHAR(length=36), table=<stock_adjustments>, nullable=False), unique=True)), ('remove_index', Index('ix_stock_movements_id', Column('id', INTEGER(), table=<stock_movements>, primary_key=True, nullable=False))), ('remove_index', Index('ix_stock_movements_uuid', Column('uuid', VARCHAR(length=36), table=<stock_movements>, nullable=False), unique=True)), ('remove_index', Index('ix_stock_transfers_approved_at', Column('approved_at', TIMESTAMP(timezone=True), table=<stock_transfers>))), ('remove_index', Index('ix_stock_transfers_id', Column('id', INTEGER(), table=<stock_transfers>, primary_key=True, nullable=False))), ('remove_index', Index('ix_stock_transfers_transfer_number', Column('transfer_number', VARCHAR(length=80), table=<stock_transfers>, nullable=False), unique=True)), ('remove_index', Index('ix_stock_transfers_uuid', Column('uuid', VARCHAR(length=36), table=<stock_transfers>, nullable=False), unique=True)), ('remove_index', Index('ix_suppliers_id', Column('id', INTEGER(), table=<suppliers>, primary_key=True, nullable=False))), ('remove_index', Index('ix_suppliers_uuid', Column('uuid', VARCHAR(length=36), table=<suppliers>, nullable=False), unique=True)), ('remove_index', Index('ix_taxes_id', Column('id', INTEGER(), table=<taxes>, primary_key=True, nullable=False))), ('remove_index', Index('ix_taxes_uuid', Column('uuid', VARCHAR(length=36), table=<taxes>, nullable=False), unique=True)), ('remove_index', Index('ix_units_code', Column('code', VARCHAR(length=30), table=<units>, nullable=False), unique=True)), ('remove_index', Index('ix_units_id', Column('id', INTEGER(), table=<units>, primary_key=True, nullable=False))), ('remove_index', Index('ix_units_name', Column('name', VARCHAR(length=100), table=<units>, nullable=False), unique=True)), ('remove_index', Index('ix_units_uuid', Column('uuid', VARCHAR(length=36), table=<units>, nullable=False), unique=True)), ('remove_index', Index('ix_users_id', Column('id', INTEGER(), table=<users>, primary_key=True, nullable=False))), ('remove_column', None, 'users', Column('role', VARCHAR(), table=<users>)), ('remove_index', Index('ix_warehouses_code', Column('code', VARCHAR(length=50), table=<warehouses>, nullable=False), unique=True)), ('remove_index', Index('ix_warehouses_id', Column('id', INTEGER(), table=<warehouses>, primary_key=True, nullable=False))), ('remove_index', Index('ix_warehouses_uuid', Column('uuid', VARCHAR(length=36), table=<warehouses>, nullable=False), unique=True))]
